CMakeFiles/move.dir/scripts/move.cpp.o: In function `goalCallback(boost::shared_ptr<geometry_msgs::PoseStamped_<std::allocator<void> > const> const&)':
move.cpp:(.text+0x46f): undefined reference to `ros::console::g_initialized'
move.cpp:(.text+0x47f): undefined reference to `ros::console::initialize()'
move.cpp:(.text+0x4cc): undefined reference to `ros::console::initializeLogLocation(ros::console::LogLocation*, std::__cxx11::basic_string<char, std::char_traits<char>, std::allocator<char> > const&, ros::console::levels::Level)'
move.cpp:(.text+0x509): undefined reference to `ros::console::setLogLocationLevel(ros::console::LogLocation*, ros::console::levels::Level)'
move.cpp:(.text+0x515): undefined reference to `ros::console::checkLogLocationEnabled(ros::console::LogLocation*)'
move.cpp:(.text+0x582): undefined reference to `ros::console::print(ros::console::FilterBase*, void*, ros::console::levels::Level, char const*, int, char const*, char const*, ...)'
move.cpp:(.text+0x58d): undefined reference to `ros::console::g_initialized'
move.cpp:(.text+0x59d): undefined reference to `ros::console::initialize()'
move.cpp:(.text+0x5ea): undefined reference to `ros::console::initializeLogLocation(ros::console::LogLocation*, std::__cxx11::basic_string<char, std::char_traits<char>, std::allocator<char> > const&, ros::console::levels::Level)'
move.cpp:(.text+0x627): undefined reference to `ros::console::setLogLocationLevel(ros::console::LogLocation*, ros::console::levels::Level)'
move.cpp:(.text+0x633): undefined reference to `ros::console::checkLogLocationEnabled(ros::console::LogLocation*)'
move.cpp:(.text+0x68c): undefined reference to `ros::console::print(ros::console::FilterBase*, void*, ros::console::levels::Level, char const*, int, char const*, char const*, ...)'
CMakeFiles/move.dir/scripts/move.cpp.o: In function `odomCallback(boost::shared_ptr<nav_msgs::Odometry_<std::allocator<void> > const> const&)':
move.cpp:(.text+0x7db): undefined reference to `ros::console::g_initialized'
move.cpp:(.text+0x7eb): undefined reference to `ros::console::initialize()'
move.cpp:(.text+0x838): undefined reference to `ros::console::initializeLogLocation(ros::console::LogLocation*, std::__cxx11::basic_string<char, std::char_traits<char>, std::allocator<char> > const&, ros::console::levels::Level)'
move.cpp:(.text+0x875): undefined reference to `ros::console::setLogLocationLevel(ros::console::LogLocation*, ros::console::levels::Level)'
move.cpp:(.text+0x881): undefined reference to `ros::console::checkLogLocationEnabled(ros::console::LogLocation*)'
move.cpp:(.text+0x8d9): undefined reference to `ros::console::print(ros::console::FilterBase*, void*, ros::console::levels::Level, char const*, int, char const*, char const*, ...)'
move.cpp:(.text+0x8e4): undefined reference to `ros::console::g_initialized'
move.cpp:(.text+0x8f4): undefined reference to `ros::console::initialize()'
move.cpp:(.text+0x941): undefined reference to `ros::console::initializeLogLocation(ros::console::LogLocation*, std::__cxx11::basic_string<char, std::char_traits<char>, std::allocator<char> > const&, ros::console::levels::Level)'
move.cpp:(.text+0x97e): undefined reference to `ros::console::setLogLocationLevel(ros::console::LogLocation*, ros::console::levels::Level)'
move.cpp:(.text+0x98a): undefined reference to `ros::console::checkLogLocationEnabled(ros::console::LogLocation*)'
move.cpp:(.text+0x9f7): undefined reference to `ros::console::print(ros::console::FilterBase*, void*, ros::console::levels::Level, char const*, int, char const*, char const*, ...)'
move.cpp:(.text+0xa56): undefined reference to `ros::console::g_initialized'
move.cpp:(.text+0xa66): undefined reference to `ros::console::initialize()'
move.cpp:(.text+0xab3): undefined reference to `ros::console::initializeLogLocation(ros::console::LogLocation*, std::__cxx11::basic_string<char, std::char_traits<char>, std::allocator<char> > const&, ros::console::levels::Level)'
move.cpp:(.text+0xaf0): undefined reference to `ros::console::setLogLocationLevel(ros::console::LogLocation*, ros::console::levels::Level)'
move.cpp:(.text+0xafc): undefined reference to `ros::console::checkLogLocationEnabled(ros::console::LogLocation*)'
move.cpp:(.text+0xb5a): undefined reference to `ros::console::print(ros::console::FilterBase*, void*, ros::console::levels::Level, char const*, int, char const*, char const*, ...)'
CMakeFiles/move.dir/scripts/move.cpp.o: In function `main':
move.cpp:(.text+0xc75): undefined reference to `ros::init(int&, char**, std::__cxx11::basic_string<char, std::char_traits<char>, std::allocator<char> > const&, unsigned int)'
move.cpp:(.text+0xd07): undefined reference to `ros::NodeHandle::NodeHandle(std::__cxx11::basic_string<char, std::char_traits<char>, std::allocator<char> > const&, std::map<std::__cxx11::basic_string<char, std::char_traits<char>, std::allocator<char> >, std::__cxx11::basic_string<char, std::char_traits<char>, std::allocator<char> >, std::less<std::__cxx11::basic_string<char, std::char_traits<char>, std::allocator<char> > >, std::allocator<std::pair<std::__cxx11::basic_string<char, std::char_traits<char>, std::allocator<char> > const, std::__cxx11::basic_string<char, std::char_traits<char>, std::allocator<char> > > > > const&)'
move.cpp:(.text+0xd4a): undefined reference to `ros::Rate::Rate(double)'
move.cpp:(.text+0xffb): undefined reference to `tf2_ros::Buffer::Buffer(ros::Duration, bool)'
move.cpp:(.text+0x102c): undefined reference to `tf2_ros::TransformListener::TransformListener(tf2::BufferCore&, bool)'
move.cpp:(.text+0x1078): undefined reference to `costmap_2d::Costmap2DROS::Costmap2DROS(std::__cxx11::basic_string<char, std::char_traits<char>, std::allocator<char> > const&, tf2_ros::Buffer&)'
move.cpp:(.text+0x10e2): undefined reference to `costmap_2d::Costmap2DROS::Costmap2DROS(std::__cxx11::basic_string<char, std::char_traits<char>, std::allocator<char> > const&, tf2_ros::Buffer&)'
move.cpp:(.text+0x118d): undefined reference to `global_planner::GlobalPlanner::GlobalPlanner(std::__cxx11::basic_string<char, std::char_traits<char>, std::allocator<char> >, costmap_2d::Costmap2D*, std::__cxx11::basic_string<char, std::char_traits<char>, std::allocator<char> >)'
move.cpp:(.text+0x11d8): undefined reference to `base_local_planner::TrajectoryPlannerROS::TrajectoryPlannerROS()'
move.cpp:(.text+0x1228): undefined reference to `base_local_planner::TrajectoryPlannerROS::initialize(std::__cxx11::basic_string<char, std::char_traits<char>, std::allocator<char> >, tf2_ros::Buffer*, costmap_2d::Costmap2DROS*)'
move.cpp:(.text+0x1255): undefined reference to `rotate_recovery::RotateRecovery::RotateRecovery()'
move.cpp:(.text+0x12af): undefined reference to `rotate_recovery::RotateRecovery::initialize(std::__cxx11::basic_string<char, std::char_traits<char>, std::allocator<char> >, tf2_ros::Buffer*, costmap_2d::Costmap2DROS*, costmap_2d::Costmap2DROS*)'
move.cpp:(.text+0x12d2): undefined reference to `ros::ok()'
move.cpp:(.text+0x130d): undefined reference to `global_planner::GlobalPlanner::makePlan(geometry_msgs::PoseStamped_<std::allocator<void> > const&, geometry_msgs::PoseStamped_<std::allocator<void> > const&, std::vector<geometry_msgs::PoseStamped_<std::allocator<void> >, std::allocator<geometry_msgs::PoseStamped_<std::allocator<void> > > >&)'
move.cpp:(.text+0x132b): undefined reference to `base_local_planner::TrajectoryPlannerROS::setPlan(std::vector<geometry_msgs::PoseStamped_<std::allocator<void> >, std::allocator<geometry_msgs::PoseStamped_<std::allocator<void> > > > const&)'
move.cpp:(.text+0x13b3): undefined reference to `ros::console::g_initialized'
move.cpp:(.text+0x13c3): undefined reference to `ros::console::initialize()'
move.cpp:(.text+0x141c): undefined reference to `ros::console::initializeLogLocation(ros::console::LogLocation*, std::__cxx11::basic_string<char, std::char_traits<char>, std::allocator<char> > const&, ros::console::levels::Level)'
move.cpp:(.text+0x145f): undefined reference to `ros::console::setLogLocationLevel(ros::console::LogLocation*, ros::console::levels::Level)'
move.cpp:(.text+0x146b): undefined reference to `ros::console::checkLogLocationEnabled(ros::console::LogLocation*)'
move.cpp:(.text+0x14d2): undefined reference to `ros::console::print(ros::console::FilterBase*, void*, ros::console::levels::Level, char const*, int, char const*, char const*, ...)'
move.cpp:(.text+0x14dd): undefined reference to `ros::console::g_initialized'
move.cpp:(.text+0x14ed): undefined reference to `ros::console::initialize()'
move.cpp:(.text+0x1546): undefined reference to `ros::console::initializeLogLocation(ros::console::LogLocation*, std::__cxx11::basic_string<char, std::char_traits<char>, std::allocator<char> > const&, ros::console::levels::Level)'
move.cpp:(.text+0x1589): undefined reference to `ros::console::setLogLocationLevel(ros::console::LogLocation*, ros::console::levels::Level)'
move.cpp:(.text+0x1595): undefined reference to `ros::console::checkLogLocationEnabled(ros::console::LogLocation*)'
move.cpp:(.text+0x15fc): undefined reference to `ros::console::print(ros::console::FilterBase*, void*, ros::console::levels::Level, char const*, int, char const*, char const*, ...)'
move.cpp:(.text+0x1631): undefined reference to `ros::console::g_initialized'
move.cpp:(.text+0x1641): undefined reference to `ros::console::initialize()'
move.cpp:(.text+0x169a): undefined reference to `ros::console::initializeLogLocation(ros::console::LogLocation*, std::__cxx11::basic_string<char, std::char_traits<char>, std::allocator<char> > const&, ros::console::levels::Level)'
move.cpp:(.text+0x16dd): undefined reference to `ros::console::setLogLocationLevel(ros::console::LogLocation*, ros::console::levels::Level)'
move.cpp:(.text+0x16e9): undefined reference to `ros::console::checkLogLocationEnabled(ros::console::LogLocation*)'
move.cpp:(.text+0x1747): undefined reference to `ros::console::print(ros::console::FilterBase*, void*, ros::console::levels::Level, char const*, int, char const*, char const*, ...)'
move.cpp:(.text+0x1759): undefined reference to `ros::console::g_initialized'
move.cpp:(.text+0x1769): undefined reference to `ros::console::initialize()'
move.cpp:(.text+0x17c2): undefined reference to `ros::console::initializeLogLocation(ros::console::LogLocation*, std::__cxx11::basic_string<char, std::char_traits<char>, std::allocator<char> > const&, ros::console::levels::Level)'
move.cpp:(.text+0x1805): undefined reference to `ros::console::setLogLocationLevel(ros::console::LogLocation*, ros::console::levels::Level)'
move.cpp:(.text+0x1811): undefined reference to `ros::console::checkLogLocationEnabled(ros::console::LogLocation*)'
move.cpp:(.text+0x186c): undefined reference to `ros::console::print(ros::console::FilterBase*, void*, ros::console::levels::Level, char const*, int, char const*, char const*, ...)'
move.cpp:(.text+0x1877): undefined reference to `ros::console::g_initialized'
move.cpp:(.text+0x1887): undefined reference to `ros::console::initialize()'
move.cpp:(.text+0x18e0): undefined reference to `ros::console::initializeLogLocation(ros::console::LogLocation*, std::__cxx11::basic_string<char, std::char_traits<char>, std::allocator<char> > const&, ros::console::levels::Level)'
move.cpp:(.text+0x1923): undefined reference to `ros::console::setLogLocationLevel(ros::console::LogLocation*, ros::console::levels::Level)'
move.cpp:(.text+0x192f): undefined reference to `ros::console::checkLogLocationEnabled(ros::console::LogLocation*)'
move.cpp:(.text+0x198e): undefined reference to `ros::console::print(ros::console::FilterBase*, void*, ros::console::levels::Level, char const*, int, char const*, char const*, ...)'
move.cpp:(.text+0x199e): undefined reference to `ros::console::g_initialized'
move.cpp:(.text+0x19ae): undefined reference to `ros::console::initialize()'
move.cpp:(.text+0x1a07): undefined reference to `ros::console::initializeLogLocation(ros::console::LogLocation*, std::__cxx11::basic_string<char, std::char_traits<char>, std::allocator<char> > const&, ros::console::levels::Level)'
move.cpp:(.text+0x1a4a): undefined reference to `ros::console::setLogLocationLevel(ros::console::LogLocation*, ros::console::levels::Level)'
move.cpp:(.text+0x1a56): undefined reference to `ros::console::checkLogLocationEnabled(ros::console::LogLocation*)'
move.cpp:(.text+0x1ab1): undefined reference to `ros::console::print(ros::console::FilterBase*, void*, ros::console::levels::Level, char const*, int, char const*, char const*, ...)'
move.cpp:(.text+0x1abc): undefined reference to `ros::console::g_initialized'
move.cpp:(.text+0x1acc): undefined reference to `ros::console::initialize()'
move.cpp:(.text+0x1b25): undefined reference to `ros::console::initializeLogLocation(ros::console::LogLocation*, std::__cxx11::basic_string<char, std::char_traits<char>, std::allocator<char> > const&, ros::console::levels::Level)'
move.cpp:(.text+0x1b68): undefined reference to `ros::console::setLogLocationLevel(ros::console::LogLocation*, ros::console::levels::Level)'
move.cpp:(.text+0x1b74): undefined reference to `ros::console::checkLogLocationEnabled(ros::console::LogLocation*)'
move.cpp:(.text+0x1bcf): undefined reference to `ros::console::print(ros::console::FilterBase*, void*, ros::console::levels::Level, char const*, int, char const*, char const*, ...)'
move.cpp:(.text+0x1bf8): undefined reference to `base_local_planner::TrajectoryPlannerROS::computeVelocityCommands(geometry_msgs::Twist_<std::allocator<void> >&)'
move.cpp:(.text+0x1c1d): undefined reference to `ros::console::g_initialized'
move.cpp:(.text+0x1c2d): undefined reference to `ros::console::initialize()'
move.cpp:(.text+0x1c86): undefined reference to `ros::console::initializeLogLocation(ros::console::LogLocation*, std::__cxx11::basic_string<char, std::char_traits<char>, std::allocator<char> > const&, ros::console::levels::Level)'
move.cpp:(.text+0x1cc9): undefined reference to `ros::console::setLogLocationLevel(ros::console::LogLocation*, ros::console::levels::Level)'
move.cpp:(.text+0x1cd5): undefined reference to `ros::console::checkLogLocationEnabled(ros::console::LogLocation*)'
move.cpp:(.text+0x1d5e): undefined reference to `ros::console::print(ros::console::FilterBase*, void*, ros::console::levels::Level, char const*, int, char const*, char const*, ...)'
move.cpp:(.text+0x1d71): undefined reference to `base_local_planner::TrajectoryPlannerROS::isGoalReached()'
move.cpp:(.text+0x1d87): undefined reference to `ros::console::g_initialized'
move.cpp:(.text+0x1d97): undefined reference to `ros::console::initialize()'
move.cpp:(.text+0x1df0): undefined reference to `ros::console::initializeLogLocation(ros::console::LogLocation*, std::__cxx11::basic_string<char, std::char_traits<char>, std::allocator<char> > const&, ros::console::levels::Level)'
move.cpp:(.text+0x1e33): undefined reference to `ros::console::setLogLocationLevel(ros::console::LogLocation*, ros::console::levels::Level)'
move.cpp:(.text+0x1e3f): undefined reference to `ros::console::checkLogLocationEnabled(ros::console::LogLocation*)'
move.cpp:(.text+0x1e9e): undefined reference to `ros::console::print(ros::console::FilterBase*, void*, ros::console::levels::Level, char const*, int, char const*, char const*, ...)'
move.cpp:(.text+0x1ee4): undefined reference to `ros::console::g_initialized'
move.cpp:(.text+0x1ef4): undefined reference to `ros::console::initialize()'
move.cpp:(.text+0x1f4d): undefined reference to `ros::console::initializeLogLocation(ros::console::LogLocation*, std::__cxx11::basic_string<char, std::char_traits<char>, std::allocator<char> > const&, ros::console::levels::Level)'
move.cpp:(.text+0x1f90): undefined reference to `ros::console::setLogLocationLevel(ros::console::LogLocation*, ros::console::levels::Level)'
move.cpp:(.text+0x1f9c): undefined reference to `ros::console::checkLogLocationEnabled(ros::console::LogLocation*)'
move.cpp:(.text+0x2025): undefined reference to `ros::console::print(ros::console::FilterBase*, void*, ros::console::levels::Level, char const*, int, char const*, char const*, ...)'
move.cpp:(.text+0x2030): undefined reference to `ros::console::g_initialized'
move.cpp:(.text+0x2040): undefined reference to `ros::console::initialize()'
move.cpp:(.text+0x2099): undefined reference to `ros::console::initializeLogLocation(ros::console::LogLocation*, std::__cxx11::basic_string<char, std::char_traits<char>, std::allocator<char> > const&, ros::console::levels::Level)'
move.cpp:(.text+0x20dc): undefined reference to `ros::console::setLogLocationLevel(ros::console::LogLocation*, ros::console::levels::Level)'
move.cpp:(.text+0x20e8): undefined reference to `ros::console::checkLogLocationEnabled(ros::console::LogLocation*)'
move.cpp:(.text+0x2143): undefined reference to `ros::console::print(ros::console::FilterBase*, void*, ros::console::levels::Level, char const*, int, char const*, char const*, ...)'
move.cpp:(.text+0x214c): undefined reference to `ros::spinOnce()'
move.cpp:(.text+0x215b): undefined reference to `ros::Rate::sleep()'
move.cpp:(.text+0x2174): undefined reference to `rotate_recovery::RotateRecovery::~RotateRecovery()'
move.cpp:(.text+0x2183): undefined reference to `base_local_planner::TrajectoryPlannerROS::~TrajectoryPlannerROS()'
move.cpp:(.text+0x2192): undefined reference to `global_planner::GlobalPlanner::~GlobalPlanner()'
move.cpp:(.text+0x21a1): undefined reference to `costmap_2d::Costmap2DROS::~Costmap2DROS()'
move.cpp:(.text+0x21b0): undefined reference to `costmap_2d::Costmap2DROS::~Costmap2DROS()'
move.cpp:(.text+0x21bf): undefined reference to `tf2_ros::TransformListener::~TransformListener()'
move.cpp:(.text+0x21dd): undefined reference to `ros::Publisher::~Publisher()'
move.cpp:(.text+0x21ec): undefined reference to `ros::Subscriber::~Subscriber()'
move.cpp:(.text+0x21fb): undefined reference to `ros::Subscriber::~Subscriber()'
move.cpp:(.text+0x2219): undefined reference to `ros::NodeHandle::~NodeHandle()'
move.cpp:(.text+0x2630): undefined reference to `rotate_recovery::RotateRecovery::~RotateRecovery()'
move.cpp:(.text+0x2644): undefined reference to `base_local_planner::TrajectoryPlannerROS::~TrajectoryPlannerROS()'
move.cpp:(.text+0x2658): undefined reference to `global_planner::GlobalPlanner::~GlobalPlanner()'
move.cpp:(.text+0x2667): undefined reference to `costmap_2d::Costmap2DROS::~Costmap2DROS()'
move.cpp:(.text+0x2676): undefined reference to `costmap_2d::Costmap2DROS::~Costmap2DROS()'
move.cpp:(.text+0x2685): undefined reference to `tf2_ros::TransformListener::~TransformListener()'
move.cpp:(.text+0x26ad): undefined reference to `ros::Publisher::~Publisher()'
move.cpp:(.text+0x26bc): undefined reference to `ros::Subscriber::~Subscriber()'
move.cpp:(.text+0x26cb): undefined reference to `ros::Subscriber::~Subscriber()'
move.cpp:(.text+0x26ee): undefined reference to `ros::NodeHandle::~NodeHandle()'
CMakeFiles/move.dir/scripts/move.cpp.o: In function `__static_initialization_and_destruction_0(int, int)':
move.cpp:(.text+0x276b): undefined reference to `boost::system::generic_category()'
move.cpp:(.text+0x2777): undefined reference to `boost::system::generic_category()'
move.cpp:(.text+0x2783): undefined reference to `boost::system::system_category()'
move.cpp:(.text+0x291d): undefined reference to `global_planner::GlobalPlanner::GlobalPlanner()'
move.cpp:(.text+0x2932): undefined reference to `global_planner::GlobalPlanner::~GlobalPlanner()'
CMakeFiles/move.dir/scripts/move.cpp.o: In function `ros::Duration::Duration(double)':
move.cpp:(.text._ZN3ros8DurationC2Ed[_ZN3ros8DurationC5Ed]+0x33): undefined reference to `ros::DurationBase<ros::Duration>::fromSec(double)'
CMakeFiles/move.dir/scripts/move.cpp.o: In function `boost::system::error_category::std_category::equivalent(int, std::error_condition const&) const':
move.cpp:(.text._ZNK5boost6system14error_category12std_category10equivalentEiRKSt15error_condition[_ZNK5boost6system14error_category12std_category10equivalentEiRKSt15error_condition]+0xb8): undefined reference to `boost::system::generic_category()'
move.cpp:(.text._ZNK5boost6system14error_category12std_category10equivalentEiRKSt15error_condition[_ZNK5boost6system14error_category12std_category10equivalentEiRKSt15error_condition]+0xf3): undefined reference to `boost::system::generic_category()'
CMakeFiles/move.dir/scripts/move.cpp.o: In function `boost::system::error_category::std_category::equivalent(std::error_code const&, int) const':
move.cpp:(.text._ZNK5boost6system14error_category12std_category10equivalentERKSt10error_codei[_ZNK5boost6system14error_category12std_category10equivalentERKSt10error_codei]+0xb8): undefined reference to `boost::system::generic_category()'
move.cpp:(.text._ZNK5boost6system14error_category12std_category10equivalentERKSt10error_codei[_ZNK5boost6system14error_category12std_category10equivalentERKSt10error_codei]+0xf3): undefined reference to `boost::system::generic_category()'
move.cpp:(.text._ZNK5boost6system14error_category12std_category10equivalentERKSt10error_codei[_ZNK5boost6system14error_category12std_category10equivalentERKSt10error_codei]+0x1d2): undefined reference to `boost::system::generic_category()'
CMakeFiles/move.dir/scripts/move.cpp.o: In function `ros::Subscriber ros::NodeHandle::subscribe<geometry_msgs::PoseStamped_<std::allocator<void> > >(std::__cxx11::basic_string<char, std::char_traits<char>, std::allocator<char> > const&, unsigned int, void (*)(boost::shared_ptr<geometry_msgs::PoseStamped_<std::allocator<void> > const> const&), ros::TransportHints const&)':
move.cpp:(.text._ZN3ros10NodeHandle9subscribeIN13geometry_msgs12PoseStamped_ISaIvEEEEENS_10SubscriberERKNSt7__cxx1112basic_stringIcSt11char_traitsIcESaIcEEEjPFvRKN5boost10shared_ptrIKT_EEERKNS_14TransportHintsE[_ZN3ros10NodeHandle9subscribeIN13geometry_msgs12PoseStamped_ISaIvEEEEENS_10SubscriberERKNSt7__cxx1112basic_stringIcSt11char_traitsIcESaIcEEEjPFvRKN5boost10shared_ptrIKT_EEERKNS_14TransportHintsE]+0x115): undefined reference to `ros::NodeHandle::subscribe(ros::SubscribeOptions&)'
CMakeFiles/move.dir/scripts/move.cpp.o: In function `ros::Subscriber ros::NodeHandle::subscribe<nav_msgs::Odometry_<std::allocator<void> > >(std::__cxx11::basic_string<char, std::char_traits<char>, std::allocator<char> > const&, unsigned int, void (*)(boost::shared_ptr<nav_msgs::Odometry_<std::allocator<void> > const> const&), ros::TransportHints const&)':
move.cpp:(.text._ZN3ros10NodeHandle9subscribeIN8nav_msgs9Odometry_ISaIvEEEEENS_10SubscriberERKNSt7__cxx1112basic_stringIcSt11char_traitsIcESaIcEEEjPFvRKN5boost10shared_ptrIKT_EEERKNS_14TransportHintsE[_ZN3ros10NodeHandle9subscribeIN8nav_msgs9Odometry_ISaIvEEEEENS_10SubscriberERKNSt7__cxx1112basic_stringIcSt11char_traitsIcESaIcEEEjPFvRKN5boost10shared_ptrIKT_EEERKNS_14TransportHintsE]+0x115): undefined reference to `ros::NodeHandle::subscribe(ros::SubscribeOptions&)'
CMakeFiles/move.dir/scripts/move.cpp.o: In function `ros::Publisher ros::NodeHandle::advertise<geometry_msgs::Twist_<std::allocator<void> > >(std::__cxx11::basic_string<char, std::char_traits<char>, std::allocator<char> > const&, unsigned int, bool)':
move.cpp:(.text._ZN3ros10NodeHandle9advertiseIN13geometry_msgs6Twist_ISaIvEEEEENS_9PublisherERKNSt7__cxx1112basic_stringIcSt11char_traitsIcESaIcEEEjb[_ZN3ros10NodeHandle9advertiseIN13geometry_msgs6Twist_ISaIvEEEEENS_9PublisherERKNSt7__cxx1112basic_stringIcSt11char_traitsIcESaIcEEEjb]+0xdd): undefined reference to `ros::NodeHandle::advertise(ros::AdvertiseOptions&)'
CMakeFiles/move.dir/scripts/move.cpp.o: In function `void ros::Publisher::publish<geometry_msgs::Twist_<std::allocator<void> > >(geometry_msgs::Twist_<std::allocator<void> > const&) const':
move.cpp:(.text._ZNK3ros9Publisher7publishIN13geometry_msgs6Twist_ISaIvEEEEEvRKT_[_ZNK3ros9Publisher7publishIN13geometry_msgs6Twist_ISaIvEEEEEvRKT_]+0x47): undefined reference to `ros::console::g_initialized'
move.cpp:(.text._ZNK3ros9Publisher7publishIN13geometry_msgs6Twist_ISaIvEEEEEvRKT_[_ZNK3ros9Publisher7publishIN13geometry_msgs6Twist_ISaIvEEEEEvRKT_]+0x57): undefined reference to `ros::console::initialize()'
move.cpp:(.text._ZNK3ros9Publisher7publishIN13geometry_msgs6Twist_ISaIvEEEEEvRKT_[_ZNK3ros9Publisher7publishIN13geometry_msgs6Twist_ISaIvEEEEEvRKT_]+0xaa): undefined reference to `ros::console::initializeLogLocation(ros::console::LogLocation*, std::__cxx11::basic_string<char, std::char_traits<char>, std::allocator<char> > const&, ros::console::levels::Level)'
move.cpp:(.text._ZNK3ros9Publisher7publishIN13geometry_msgs6Twist_ISaIvEEEEEvRKT_[_ZNK3ros9Publisher7publishIN13geometry_msgs6Twist_ISaIvEEEEEvRKT_]+0xea): undefined reference to `ros::console::setLogLocationLevel(ros::console::LogLocation*, ros::console::levels::Level)'
move.cpp:(.text._ZNK3ros9Publisher7publishIN13geometry_msgs6Twist_ISaIvEEEEEvRKT_[_ZNK3ros9Publisher7publishIN13geometry_msgs6Twist_ISaIvEEEEEvRKT_]+0xf6): undefined reference to `ros::console::checkLogLocationEnabled(ros::console::LogLocation*)'
move.cpp:(.text._ZNK3ros9Publisher7publishIN13geometry_msgs6Twist_ISaIvEEEEEvRKT_[_ZNK3ros9Publisher7publishIN13geometry_msgs6Twist_ISaIvEEEEEvRKT_]+0x15f): undefined reference to `ros::console::print(ros::console::FilterBase*, void*, ros::console::levels::Level, char const*, int, char const*, char const*, ...)'
move.cpp:(.text._ZNK3ros9Publisher7publishIN13geometry_msgs6Twist_ISaIvEEEEEvRKT_[_ZNK3ros9Publisher7publishIN13geometry_msgs6Twist_ISaIvEEEEEvRKT_]+0x16a): undefined reference to `ros::console::g_initialized'
move.cpp:(.text._ZNK3ros9Publisher7publishIN13geometry_msgs6Twist_ISaIvEEEEEvRKT_[_ZNK3ros9Publisher7publishIN13geometry_msgs6Twist_ISaIvEEEEEvRKT_]+0x17a): undefined reference to `ros::console::initialize()'
move.cpp:(.text._ZNK3ros9Publisher7publishIN13geometry_msgs6Twist_ISaIvEEEEEvRKT_[_ZNK3ros9Publisher7publishIN13geometry_msgs6Twist_ISaIvEEEEEvRKT_]+0x1cd): undefined reference to `ros::console::initializeLogLocation(ros::console::LogLocation*, std::__cxx11::basic_string<char, std::char_traits<char>, std::allocator<char> > const&, ros::console::levels::Level)'
move.cpp:(.text._ZNK3ros9Publisher7publishIN13geometry_msgs6Twist_ISaIvEEEEEvRKT_[_ZNK3ros9Publisher7publishIN13geometry_msgs6Twist_ISaIvEEEEEvRKT_]+0x20d): undefined reference to `ros::console::setLogLocationLevel(ros::console::LogLocation*, ros::console::levels::Level)'
move.cpp:(.text._ZNK3ros9Publisher7publishIN13geometry_msgs6Twist_ISaIvEEEEEvRKT_[_ZNK3ros9Publisher7publishIN13geometry_msgs6Twist_ISaIvEEEEEvRKT_]+0x219): undefined reference to `ros::console::checkLogLocationEnabled(ros::console::LogLocation*)'
move.cpp:(.text._ZNK3ros9Publisher7publishIN13geometry_msgs6Twist_ISaIvEEEEEvRKT_[_ZNK3ros9Publisher7publishIN13geometry_msgs6Twist_ISaIvEEEEEvRKT_]+0x274): undefined reference to `ros::console::print(ros::console::FilterBase*, void*, ros::console::levels::Level, char const*, int, char const*, char const*, ...)'
move.cpp:(.text._ZNK3ros9Publisher7publishIN13geometry_msgs6Twist_ISaIvEEEEEvRKT_[_ZNK3ros9Publisher7publishIN13geometry_msgs6Twist_ISaIvEEEEEvRKT_]+0x27f): undefined reference to `ros::console::g_initialized'
move.cpp:(.text._ZNK3ros9Publisher7publishIN13geometry_msgs6Twist_ISaIvEEEEEvRKT_[_ZNK3ros9Publisher7publishIN13geometry_msgs6Twist_ISaIvEEEEEvRKT_]+0x28f): undefined reference to `ros::console::initialize()'
move.cpp:(.text._ZNK3ros9Publisher7publishIN13geometry_msgs6Twist_ISaIvEEEEEvRKT_[_ZNK3ros9Publisher7publishIN13geometry_msgs6Twist_ISaIvEEEEEvRKT_]+0x2e2): undefined reference to `ros::console::initializeLogLocation(ros::console::LogLocation*, std::__cxx11::basic_string<char, std::char_traits<char>, std::allocator<char> > const&, ros::console::levels::Level)'
move.cpp:(.text._ZNK3ros9Publisher7publishIN13geometry_msgs6Twist_ISaIvEEEEEvRKT_[_ZNK3ros9Publisher7publishIN13geometry_msgs6Twist_ISaIvEEEEEvRKT_]+0x322): undefined reference to `ros::console::setLogLocationLevel(ros::console::LogLocation*, ros::console::levels::Level)'
move.cpp:(.text._ZNK3ros9Publisher7publishIN13geometry_msgs6Twist_ISaIvEEEEEvRKT_[_ZNK3ros9Publisher7publishIN13geometry_msgs6Twist_ISaIvEEEEEvRKT_]+0x32e): undefined reference to `ros::console::checkLogLocationEnabled(ros::console::LogLocation*)'
move.cpp:(.text._ZNK3ros9Publisher7publishIN13geometry_msgs6Twist_ISaIvEEEEEvRKT_[_ZNK3ros9Publisher7publishIN13geometry_msgs6Twist_ISaIvEEEEEvRKT_]+0x389): undefined reference to `ros::console::print(ros::console::FilterBase*, void*, ros::console::levels::Level, char const*, int, char const*, char const*, ...)'
move.cpp:(.text._ZNK3ros9Publisher7publishIN13geometry_msgs6Twist_ISaIvEEEEEvRKT_[_ZNK3ros9Publisher7publishIN13geometry_msgs6Twist_ISaIvEEEEEvRKT_]+0x3aa): undefined reference to `ros::Publisher::Impl::isValid() const'
move.cpp:(.text._ZNK3ros9Publisher7publishIN13geometry_msgs6Twist_ISaIvEEEEEvRKT_[_ZNK3ros9Publisher7publishIN13geometry_msgs6Twist_ISaIvEEEEEvRKT_]+0x3bc): undefined reference to `ros::console::g_initialized'
move.cpp:(.text._ZNK3ros9Publisher7publishIN13geometry_msgs6Twist_ISaIvEEEEEvRKT_[_ZNK3ros9Publisher7publishIN13geometry_msgs6Twist_ISaIvEEEEEvRKT_]+0x3cc): undefined reference to `ros::console::initialize()'
move.cpp:(.text._ZNK3ros9Publisher7publishIN13geometry_msgs6Twist_ISaIvEEEEEvRKT_[_ZNK3ros9Publisher7publishIN13geometry_msgs6Twist_ISaIvEEEEEvRKT_]+0x41f): undefined reference to `ros::console::initializeLogLocation(ros::console::LogLocation*, std::__cxx11::basic_string<char, std::char_traits<char>, std::allocator<char> > const&, ros::console::levels::Level)'
move.cpp:(.text._ZNK3ros9Publisher7publishIN13geometry_msgs6Twist_ISaIvEEEEEvRKT_[_ZNK3ros9Publisher7publishIN13geometry_msgs6Twist_ISaIvEEEEEvRKT_]+0x45f): undefined reference to `ros::console::setLogLocationLevel(ros::console::LogLocation*, ros::console::levels::Level)'
move.cpp:(.text._ZNK3ros9Publisher7publishIN13geometry_msgs6Twist_ISaIvEEEEEvRKT_[_ZNK3ros9Publisher7publishIN13geometry_msgs6Twist_ISaIvEEEEEvRKT_]+0x46b): undefined reference to `ros::console::checkLogLocationEnabled(ros::console::LogLocation*)'
move.cpp:(.text._ZNK3ros9Publisher7publishIN13geometry_msgs6Twist_ISaIvEEEEEvRKT_[_ZNK3ros9Publisher7publishIN13geometry_msgs6Twist_ISaIvEEEEEvRKT_]+0x4d4): undefined reference to `ros::console::print(ros::console::FilterBase*, void*, ros::console::levels::Level, char const*, int, char const*, char const*, ...)'
move.cpp:(.text._ZNK3ros9Publisher7publishIN13geometry_msgs6Twist_ISaIvEEEEEvRKT_[_ZNK3ros9Publisher7publishIN13geometry_msgs6Twist_ISaIvEEEEEvRKT_]+0x4df): undefined reference to `ros::console::g_initialized'
move.cpp:(.text._ZNK3ros9Publisher7publishIN13geometry_msgs6Twist_ISaIvEEEEEvRKT_[_ZNK3ros9Publisher7publishIN13geometry_msgs6Twist_ISaIvEEEEEvRKT_]+0x4ef): undefined reference to `ros::console::initialize()'
move.cpp:(.text._ZNK3ros9Publisher7publishIN13geometry_msgs6Twist_ISaIvEEEEEvRKT_[_ZNK3ros9Publisher7publishIN13geometry_msgs6Twist_ISaIvEEEEEvRKT_]+0x542): undefined reference to `ros::console::initializeLogLocation(ros::console::LogLocation*, std::__cxx11::basic_string<char, std::char_traits<char>, std::allocator<char> > const&, ros::console::levels::Level)'
move.cpp:(.text._ZNK3ros9Publisher7publishIN13geometry_msgs6Twist_ISaIvEEEEEvRKT_[_ZNK3ros9Publisher7publishIN13geometry_msgs6Twist_ISaIvEEEEEvRKT_]+0x582): undefined reference to `ros::console::setLogLocationLevel(ros::console::LogLocation*, ros::console::levels::Level)'
move.cpp:(.text._ZNK3ros9Publisher7publishIN13geometry_msgs6Twist_ISaIvEEEEEvRKT_[_ZNK3ros9Publisher7publishIN13geometry_msgs6Twist_ISaIvEEEEEvRKT_]+0x58e): undefined reference to `ros::console::checkLogLocationEnabled(ros::console::LogLocation*)'
move.cpp:(.text._ZNK3ros9Publisher7publishIN13geometry_msgs6Twist_ISaIvEEEEEvRKT_[_ZNK3ros9Publisher7publishIN13geometry_msgs6Twist_ISaIvEEEEEvRKT_]+0x600): undefined reference to `ros::console::print(ros::console::FilterBase*, void*, ros::console::levels::Level, char const*, int, char const*, char const*, ...)'
move.cpp:(.text._ZNK3ros9Publisher7publishIN13geometry_msgs6Twist_ISaIvEEEEEvRKT_[_ZNK3ros9Publisher7publishIN13geometry_msgs6Twist_ISaIvEEEEEvRKT_]+0x60b): undefined reference to `ros::console::g_initialized'
move.cpp:(.text._ZNK3ros9Publisher7publishIN13geometry_msgs6Twist_ISaIvEEEEEvRKT_[_ZNK3ros9Publisher7publishIN13geometry_msgs6Twist_ISaIvEEEEEvRKT_]+0x61b): undefined reference to `ros::console::initialize()'
move.cpp:(.text._ZNK3ros9Publisher7publishIN13geometry_msgs6Twist_ISaIvEEEEEvRKT_[_ZNK3ros9Publisher7publishIN13geometry_msgs6Twist_ISaIvEEEEEvRKT_]+0x66e): undefined reference to `ros::console::initializeLogLocation(ros::console::LogLocation*, std::__cxx11::basic_string<char, std::char_traits<char>, std::allocator<char> > const&, ros::console::levels::Level)'
move.cpp:(.text._ZNK3ros9Publisher7publishIN13geometry_msgs6Twist_ISaIvEEEEEvRKT_[_ZNK3ros9Publisher7publishIN13geometry_msgs6Twist_ISaIvEEEEEvRKT_]+0x6ae): undefined reference to `ros::console::setLogLocationLevel(ros::console::LogLocation*, ros::console::levels::Level)'
move.cpp:(.text._ZNK3ros9Publisher7publishIN13geometry_msgs6Twist_ISaIvEEEEEvRKT_[_ZNK3ros9Publisher7publishIN13geometry_msgs6Twist_ISaIvEEEEEvRKT_]+0x6ba): undefined reference to `ros::console::checkLogLocationEnabled(ros::console::LogLocation*)'
move.cpp:(.text._ZNK3ros9Publisher7publishIN13geometry_msgs6Twist_ISaIvEEEEEvRKT_[_ZNK3ros9Publisher7publishIN13geometry_msgs6Twist_ISaIvEEEEEvRKT_]+0x715): undefined reference to `ros::console::print(ros::console::FilterBase*, void*, ros::console::levels::Level, char const*, int, char const*, char const*, ...)'
move.cpp:(.text._ZNK3ros9Publisher7publishIN13geometry_msgs6Twist_ISaIvEEEEEvRKT_[_ZNK3ros9Publisher7publishIN13geometry_msgs6Twist_ISaIvEEEEEvRKT_]+0x823): undefined reference to `ros::console::g_initialized'
move.cpp:(.text._ZNK3ros9Publisher7publishIN13geometry_msgs6Twist_ISaIvEEEEEvRKT_[_ZNK3ros9Publisher7publishIN13geometry_msgs6Twist_ISaIvEEEEEvRKT_]+0x833): undefined reference to `ros::console::initialize()'
move.cpp:(.text._ZNK3ros9Publisher7publishIN13geometry_msgs6Twist_ISaIvEEEEEvRKT_[_ZNK3ros9Publisher7publishIN13geometry_msgs6Twist_ISaIvEEEEEvRKT_]+0x886): undefined reference to `ros::console::initializeLogLocation(ros::console::LogLocation*, std::__cxx11::basic_string<char, std::char_traits<char>, std::allocator<char> > const&, ros::console::levels::Level)'
move.cpp:(.text._ZNK3ros9Publisher7publishIN13geometry_msgs6Twist_ISaIvEEEEEvRKT_[_ZNK3ros9Publisher7publishIN13geometry_msgs6Twist_ISaIvEEEEEvRKT_]+0x8c5): undefined reference to `ros::console::setLogLocationLevel(ros::console::LogLocation*, ros::console::levels::Level)'
move.cpp:(.text._ZNK3ros9Publisher7publishIN13geometry_msgs6Twist_ISaIvEEEEEvRKT_[_ZNK3ros9Publisher7publishIN13geometry_msgs6Twist_ISaIvEEEEEvRKT_]+0x8d1): undefined reference to `ros::console::checkLogLocationEnabled(ros::console::LogLocation*)'
move.cpp:(.text._ZNK3ros9Publisher7publishIN13geometry_msgs6Twist_ISaIvEEEEEvRKT_[_ZNK3ros9Publisher7publishIN13geometry_msgs6Twist_ISaIvEEEEEvRKT_]+0x9b3): undefined reference to `ros::console::print(ros::console::FilterBase*, void*, ros::console::levels::Level, char const*, int, char const*, char const*, ...)'
move.cpp:(.text._ZNK3ros9Publisher7publishIN13geometry_msgs6Twist_ISaIvEEEEEvRKT_[_ZNK3ros9Publisher7publishIN13geometry_msgs6Twist_ISaIvEEEEEvRKT_]+0xa45): undefined reference to `ros::Publisher::publish(boost::function<ros::SerializedMessage ()> const&, ros::SerializedMessage&) const'
CMakeFiles/move.dir/scripts/move.cpp.o: In function `void ros::serialization::Serializer<unsigned int>::write<ros::serialization::OStream>(ros::serialization::OStream&, unsigned int)':
move.cpp:(.text._ZN3ros13serialization10SerializerIjE5writeINS0_7OStreamEEEvRT_j[_ZN3ros13serialization10SerializerIjE5writeINS0_7OStreamEEEvRT_j]+0x52): undefined reference to `ros::serialization::throwStreamOverrun()'
CMakeFiles/move.dir/scripts/move.cpp.o: In function `void ros::serialization::Serializer<double>::write<ros::serialization::OStream>(ros::serialization::OStream&, double)':
move.cpp:(.text._ZN3ros13serialization10SerializerIdE5writeINS0_7OStreamEEEvRT_d[_ZN3ros13serialization10SerializerIdE5writeINS0_7OStreamEEEvRT_d]+0x54): undefined reference to `ros::serialization::throwStreamOverrun()'
CMakeFiles/move.dir/scripts/move.cpp.o: In function `tf2_ros::Buffer::~Buffer()':
move.cpp:(.text._ZN7tf2_ros6BufferD2Ev[_ZN7tf2_ros6BufferD5Ev]+0xf): undefined reference to `vtable for tf2_ros::Buffer'
move.cpp:(.text._ZN7tf2_ros6BufferD2Ev[_ZN7tf2_ros6BufferD5Ev]+0x1d): undefined reference to `vtable for tf2_ros::Buffer'
move.cpp:(.text._ZN7tf2_ros6BufferD2Ev[_ZN7tf2_ros6BufferD5Ev]+0x37): undefined reference to `ros::ServiceServer::~ServiceServer()'
move.cpp:(.text._ZN7tf2_ros6BufferD2Ev[_ZN7tf2_ros6BufferD5Ev]+0x47): undefined reference to `tf2::BufferCore::~BufferCore()'
CMakeFiles/move.dir/scripts/move.cpp.o: In function `ros::SubscriptionCallbackHelperT<boost::shared_ptr<nav_msgs::Odometry_<std::allocator<void> > const> const&, void>::deserialize(ros::SubscriptionCallbackHelperDeserializeParams const&)':
move.cpp:(.text._ZN3ros27SubscriptionCallbackHelperTIRKN5boost10shared_ptrIKN8nav_msgs9Odometry_ISaIvEEEEEvE11deserializeERKNS_43SubscriptionCallbackHelperDeserializeParamsE[_ZN3ros27SubscriptionCallbackHelperTIRKN5boost10shared_ptrIKN8nav_msgs9Odometry_ISaIvEEEEEvE11deserializeERKNS_43SubscriptionCallbackHelperDeserializeParamsE]+0x61): undefined reference to `ros::console::g_initialized'
move.cpp:(.text._ZN3ros27SubscriptionCallbackHelperTIRKN5boost10shared_ptrIKN8nav_msgs9Odometry_ISaIvEEEEEvE11deserializeERKNS_43SubscriptionCallbackHelperDeserializeParamsE[_ZN3ros27SubscriptionCallbackHelperTIRKN5boost10shared_ptrIKN8nav_msgs9Odometry_ISaIvEEEEEvE11deserializeERKNS_43SubscriptionCallbackHelperDeserializeParamsE]+0x71): undefined reference to `ros::console::initialize()'
move.cpp:(.text._ZN3ros27SubscriptionCallbackHelperTIRKN5boost10shared_ptrIKN8nav_msgs9Odometry_ISaIvEEEEEvE11deserializeERKNS_43SubscriptionCallbackHelperDeserializeParamsE[_ZN3ros27SubscriptionCallbackHelperTIRKN5boost10shared_ptrIKN8nav_msgs9Odometry_ISaIvEEEEEvE11deserializeERKNS_43SubscriptionCallbackHelperDeserializeParamsE]+0xbe): undefined reference to `ros::console::initializeLogLocation(ros::console::LogLocation*, std::__cxx11::basic_string<char, std::char_traits<char>, std::allocator<char> > const&, ros::console::levels::Level)'
move.cpp:(.text._ZN3ros27SubscriptionCallbackHelperTIRKN5boost10shared_ptrIKN8nav_msgs9Odometry_ISaIvEEEEEvE11deserializeERKNS_43SubscriptionCallbackHelperDeserializeParamsE[_ZN3ros27SubscriptionCallbackHelperTIRKN5boost10shared_ptrIKN8nav_msgs9Odometry_ISaIvEEEEEvE11deserializeERKNS_43SubscriptionCallbackHelperDeserializeParamsE]+0xfa): undefined reference to `ros::console::setLogLocationLevel(ros::console::LogLocation*, ros::console::levels::Level)'
move.cpp:(.text._ZN3ros27SubscriptionCallbackHelperTIRKN5boost10shared_ptrIKN8nav_msgs9Odometry_ISaIvEEEEEvE11deserializeERKNS_43SubscriptionCallbackHelperDeserializeParamsE[_ZN3ros27SubscriptionCallbackHelperTIRKN5boost10shared_ptrIKN8nav_msgs9Odometry_ISaIvEEEEEvE11deserializeERKNS_43SubscriptionCallbackHelperDeserializeParamsE]+0x106): undefined reference to `ros::console::checkLogLocationEnabled(ros::console::LogLocation*)'
move.cpp:(.text._ZN3ros27SubscriptionCallbackHelperTIRKN5boost10shared_ptrIKN8nav_msgs9Odometry_ISaIvEEEEEvE11deserializeERKNS_43SubscriptionCallbackHelperDeserializeParamsE[_ZN3ros27SubscriptionCallbackHelperTIRKN5boost10shared_ptrIKN8nav_msgs9Odometry_ISaIvEEEEEvE11deserializeERKNS_43SubscriptionCallbackHelperDeserializeParamsE]+0x180): undefined reference to `ros::console::print(ros::console::FilterBase*, void*, ros::console::levels::Level, char const*, int, char const*, char const*, ...)'
CMakeFiles/move.dir/scripts/move.cpp.o: In function `ros::SubscriptionCallbackHelperT<boost::shared_ptr<geometry_msgs::PoseStamped_<std::allocator<void> > const> const&, void>::deserialize(ros::SubscriptionCallbackHelperDeserializeParams const&)':
move.cpp:(.text._ZN3ros27SubscriptionCallbackHelperTIRKN5boost10shared_ptrIKN13geometry_msgs12PoseStamped_ISaIvEEEEEvE11deserializeERKNS_43SubscriptionCallbackHelperDeserializeParamsE[_ZN3ros27SubscriptionCallbackHelperTIRKN5boost10shared_ptrIKN13geometry_msgs12PoseStamped_ISaIvEEEEEvE11deserializeERKNS_43SubscriptionCallbackHelperDeserializeParamsE]+0x61): undefined reference to `ros::console::g_initialized'
move.cpp:(.text._ZN3ros27SubscriptionCallbackHelperTIRKN5boost10shared_ptrIKN13geometry_msgs12PoseStamped_ISaIvEEEEEvE11deserializeERKNS_43SubscriptionCallbackHelperDeserializeParamsE[_ZN3ros27SubscriptionCallbackHelperTIRKN5boost10shared_ptrIKN13geometry_msgs12PoseStamped_ISaIvEEEEEvE11deserializeERKNS_43SubscriptionCallbackHelperDeserializeParamsE]+0x71): undefined reference to `ros::console::initialize()'
move.cpp:(.text._ZN3ros27SubscriptionCallbackHelperTIRKN5boost10shared_ptrIKN13geometry_msgs12PoseStamped_ISaIvEEEEEvE11deserializeERKNS_43SubscriptionCallbackHelperDeserializeParamsE[_ZN3ros27SubscriptionCallbackHelperTIRKN5boost10shared_ptrIKN13geometry_msgs12PoseStamped_ISaIvEEEEEvE11deserializeERKNS_43SubscriptionCallbackHelperDeserializeParamsE]+0xbe): undefined reference to `ros::console::initializeLogLocation(ros::console::LogLocation*, std::__cxx11::basic_string<char, std::char_traits<char>, std::allocator<char> > const&, ros::console::levels::Level)'
move.cpp:(.text._ZN3ros27SubscriptionCallbackHelperTIRKN5boost10shared_ptrIKN13geometry_msgs12PoseStamped_ISaIvEEEEEvE11deserializeERKNS_43SubscriptionCallbackHelperDeserializeParamsE[_ZN3ros27SubscriptionCallbackHelperTIRKN5boost10shared_ptrIKN13geometry_msgs12PoseStamped_ISaIvEEEEEvE11deserializeERKNS_43SubscriptionCallbackHelperDeserializeParamsE]+0xfa): undefined reference to `ros::console::setLogLocationLevel(ros::console::LogLocation*, ros::console::levels::Level)'
move.cpp:(.text._ZN3ros27SubscriptionCallbackHelperTIRKN5boost10shared_ptrIKN13geometry_msgs12PoseStamped_ISaIvEEEEEvE11deserializeERKNS_43SubscriptionCallbackHelperDeserializeParamsE[_ZN3ros27SubscriptionCallbackHelperTIRKN5boost10shared_ptrIKN13geometry_msgs12PoseStamped_ISaIvEEEEEvE11deserializeERKNS_43SubscriptionCallbackHelperDeserializeParamsE]+0x106): undefined reference to `ros::console::checkLogLocationEnabled(ros::console::LogLocation*)'
move.cpp:(.text._ZN3ros27SubscriptionCallbackHelperTIRKN5boost10shared_ptrIKN13geometry_msgs12PoseStamped_ISaIvEEEEEvE11deserializeERKNS_43SubscriptionCallbackHelperDeserializeParamsE[_ZN3ros27SubscriptionCallbackHelperTIRKN5boost10shared_ptrIKN13geometry_msgs12PoseStamped_ISaIvEEEEEvE11deserializeERKNS_43SubscriptionCallbackHelperDeserializeParamsE]+0x180): undefined reference to `ros::console::print(ros::console::FilterBase*, void*, ros::console::levels::Level, char const*, int, char const*, char const*, ...)'
CMakeFiles/move.dir/scripts/move.cpp.o: In function `void ros::serialization::Serializer<std::__cxx11::basic_string<char, std::char_traits<char>, std::allocator<char> > >::read<ros::serialization::IStream>(ros::serialization::IStream&, std::__cxx11::basic_string<char, std::char_traits<char>, std::allocator<char> >&)':
move.cpp:(.text._ZN3ros13serialization10SerializerINSt7__cxx1112basic_stringIcSt11char_traitsIcESaIcEEEE4readINS0_7IStreamEEEvRT_RS7_[_ZN3ros13serialization10SerializerINSt7__cxx1112basic_stringIcSt11char_traitsIcESaIcEEEE4readINS0_7IStreamEEEvRT_RS7_]+0x99): undefined reference to `ros::serialization::throwStreamOverrun()'
CMakeFiles/move.dir/scripts/move.cpp.o: In function `void ros::serialization::Serializer<unsigned int>::read<ros::serialization::IStream>(ros::serialization::IStream&, unsigned int&)':
move.cpp:(.text._ZN3ros13serialization10SerializerIjE4readINS0_7IStreamEEEvRT_Rj[_ZN3ros13serialization10SerializerIjE4readINS0_7IStreamEEEvRT_Rj]+0x53): undefined reference to `ros::serialization::throwStreamOverrun()'
CMakeFiles/move.dir/scripts/move.cpp.o: In function `void ros::serialization::ArraySerializer<double, 36ul, void>::read<ros::serialization::IStream>(ros::serialization::IStream&, boost::array<double, 36ul>&)':
move.cpp:(.text._ZN3ros13serialization15ArraySerializerIdLm36EvE4readINS0_7IStreamEEEvRT_RN5boost5arrayIdLm36EEE[_ZN3ros13serialization15ArraySerializerIdLm36EvE4readINS0_7IStreamEEEvRT_RN5boost5arrayIdLm36EEE]+0x5b): undefined reference to `ros::serialization::throwStreamOverrun()'
CMakeFiles/move.dir/scripts/move.cpp.o: In function `void ros::serialization::Serializer<double>::read<ros::serialization::IStream>(ros::serialization::IStream&, double&)':
move.cpp:(.text._ZN3ros13serialization10SerializerIdE4readINS0_7IStreamEEEvRT_Rd[_ZN3ros13serialization10SerializerIdE4readINS0_7IStreamEEEvRT_Rd]+0x53): undefined reference to `ros::serialization::throwStreamOverrun()'
collect2: error: ld returned 1 exit status
make[2]: *** [move] Error 1
make[1]: *** [CMakeFiles/move.dir/all] Error 2
make: *** [all] Error 2
