[01m[K/home/maciek/dyplom_ws/src/dyplom/scripts/move.cpp:111:23:[m[K [01;35m[Kwarning: [m[Kcharacter constant too long for its type
   Server server(node, [01;35m[K'destination'[m[K, boost::bind(&actionCallback, _1, &server), false);
                       [01;35m[K^~~~~~~~~~~~~[m[K
In file included from [01m[K/opt/ros/melodic/include/ros/ros.h:40:0[m[K,
                 from [01m[K/home/maciek/dyplom_ws/src/dyplom/scripts/move.cpp:1[m[K:
[01m[K/home/maciek/dyplom_ws/src/dyplom/scripts/move.cpp:[m[K In function ‘[01m[Kvoid odomCallback(const ConstPtr&)[m[K’:
[01m[K/opt/ros/melodic/include/ros/console.h:348:176:[m[K [01;35m[Kwarning: [m[Kformat ‘[01m[K%f[m[K’ expects argument of type ‘[01m[Kdouble[m[K’, but argument 8 has type ‘[01m[Kint[m[K’ [[01;35m[K-Wformat=[m[K]
     ::ros::console::print(filter, __rosconsole_define_location__loc.logger_, __rosconsole_define_location__loc.level_, __FILE__, __LINE__, __ROSCONSOLE_FUNCTION__, __VA_ARGS__[01;35m[K)[m[K
                                                                                                                                                                                [01;35m[K^[m[K
[01m[K/opt/ros/melodic/include/ros/console.h:351:5:[m[K [01;36m[Knote: [m[Kin expansion of macro ‘[01m[KROSCONSOLE_PRINT_AT_LOCATION_WITH_FILTER[m[K’
     [01;36m[KROSCONSOLE_PRINT_AT_LOCATION_WITH_FILTER[m[K(NULL, __VA_ARGS__)
     [01;36m[K^~~~~~~~~~~~~~~~~~~~~~~~~~~~~~~~~~~~~~~~[m[K
[01m[K/opt/ros/melodic/include/ros/console.h:387:7:[m[K [01;36m[Knote: [m[Kin expansion of macro ‘[01m[KROSCONSOLE_PRINT_AT_LOCATION[m[K’
       [01;36m[KROSCONSOLE_PRINT_AT_LOCATION[m[K(__VA_ARGS__); \
       [01;36m[K^~~~~~~~~~~~~~~~~~~~~~~~~~~~[m[K
[01m[K/opt/ros/melodic/include/ros/console.h:572:35:[m[K [01;36m[Knote: [m[Kin expansion of macro ‘[01m[KROS_LOG_COND[m[K’
 #define ROS_LOG(level, name, ...) [01;36m[KROS_LOG_COND[m[K(true, level, name, __VA_ARGS__)
                                   [01;36m[K^~~~~~~~~~~~[m[K
[01m[K/opt/ros/melodic/include/rosconsole/macros_generated.h:110:23:[m[K [01;36m[Knote: [m[Kin expansion of macro ‘[01m[KROS_LOG[m[K’
 #define ROS_INFO(...) [01;36m[KROS_LOG[m[K(::ros::console::levels::Info, ROSCONSOLE_DEFAULT_NAME, __VA_ARGS__)
                       [01;36m[K^~~~~~~[m[K
[01m[K/home/maciek/dyplom_ws/src/dyplom/scripts/move.cpp:73:3:[m[K [01;36m[Knote: [m[Kin expansion of macro ‘[01m[KROS_INFO[m[K’
   [01;36m[KR[m[KOS_INFO("Path elements: %f",globalPathElements);
   [01;36m[K^[m[K
[01m[K/home/maciek/dyplom_ws/src/dyplom/scripts/move.cpp:[m[K In function ‘[01m[Kint main(int, char**)[m[K’:
[01m[K/home/maciek/dyplom_ws/src/dyplom/scripts/move.cpp:111:86:[m[K [01;31m[Kerror: [m[Kno matching function for call to ‘[01m[Kactionlib::SimpleActionServer<dyplom::goalAction_<std::allocator<void> > >::SimpleActionServer(ros::NodeHandle&, int, boost::_bi::bind_t<void, void (*)(const boost::shared_ptr<const dyplom::goalGoal_<std::allocator<void> > >&, actionlib::SimpleActionServer<dyplom::goalAction_<std::allocator<void> > >*), boost::_bi::list2<boost::arg<1>, boost::_bi::value<actionlib::SimpleActionServer<dyplom::goalAction_<std::allocator<void> > >*> > >, bool)[m[K’
   Server server(node, 'destination', boost::bind(&actionCallback, _1, &server), false[01;31m[K)[m[K;
                                                                                      [01;31m[K^[m[K
In file included from [01m[K/opt/ros/melodic/include/actionlib/server/simple_action_server.h:256:0[m[K,
                 from [01m[K/home/maciek/dyplom_ws/src/dyplom/scripts/move.cpp:18[m[K:
[01m[K/opt/ros/melodic/include/actionlib/server/simple_action_server_imp.h:134:1:[m[K [01;36m[Knote: [m[Kcandidate: actionlib::SimpleActionServer<ActionSpec>::SimpleActionServer(ros::NodeHandle, std::__cxx11::string, actionlib::SimpleActionServer<ActionSpec>::ExecuteCallback) [with ActionSpec = dyplom::goalAction_<std::allocator<void> >; std::__cxx11::string = std::__cxx11::basic_string<char>; actionlib::SimpleActionServer<ActionSpec>::ExecuteCallback = boost::function<void(const boost::shared_ptr<const dyplom::goalGoal_<std::allocator<void> > >&)>; typename ActionSpec::_action_goal_type::_goal_type = dyplom::goalGoal_<std::allocator<void> >]
 [01;36m[KSimpleActionServer<ActionSpec>[m[K::SimpleActionServer(ros::NodeHandle n, std::string name,
 [01;36m[K^~~~~~~~~~~~~~~~~~~~~~~~~~~~~~[m[K
[01m[K/opt/ros/melodic/include/actionlib/server/simple_action_server_imp.h:134:1:[m[K [01;36m[Knote: [m[K  candidate expects 3 arguments, 4 provided
[01m[K/opt/ros/melodic/include/actionlib/server/simple_action_server_imp.h:117:1:[m[K [01;36m[Knote: [m[Kcandidate: actionlib::SimpleActionServer<ActionSpec>::SimpleActionServer(ros::NodeHandle, std::__cxx11::string, bool) [with ActionSpec = dyplom::goalAction_<std::allocator<void> >; std::__cxx11::string = std::__cxx11::basic_string<char>]
 [01;36m[KSimpleActionServer<ActionSpec>[m[K::SimpleActionServer(ros::NodeHandle n, std::string name,
 [01;36m[K^~~~~~~~~~~~~~~~~~~~~~~~~~~~~~[m[K
[01m[K/opt/ros/melodic/include/actionlib/server/simple_action_server_imp.h:117:1:[m[K [01;36m[Knote: [m[K  candidate expects 3 arguments, 4 provided
[01m[K/opt/ros/melodic/include/actionlib/server/simple_action_server_imp.h:99:1:[m[K [01;36m[Knote: [m[Kcandidate: actionlib::SimpleActionServer<ActionSpec>::SimpleActionServer(ros::NodeHandle, std::__cxx11::string, actionlib::SimpleActionServer<ActionSpec>::ExecuteCallback, bool) [with ActionSpec = dyplom::goalAction_<std::allocator<void> >; std::__cxx11::string = std::__cxx11::basic_string<char>; actionlib::SimpleActionServer<ActionSpec>::ExecuteCallback = boost::function<void(const boost::shared_ptr<const dyplom::goalGoal_<std::allocator<void> > >&)>; typename ActionSpec::_action_goal_type::_goal_type = dyplom::goalGoal_<std::allocator<void> >]
 [01;36m[KSimpleActionServer<ActionSpec>[m[K::SimpleActionServer(ros::NodeHandle n, std::string name,
 [01;36m[K^~~~~~~~~~~~~~~~~~~~~~~~~~~~~~[m[K
[01m[K/opt/ros/melodic/include/actionlib/server/simple_action_server_imp.h:99:1:[m[K [01;36m[Knote: [m[K  no known conversion for argument 2 from ‘[01m[Kint[m[K’ to ‘[01m[Kstd::__cxx11::string {aka std::__cxx11::basic_string<char>}[m[K’
[01m[K/opt/ros/melodic/include/actionlib/server/simple_action_server_imp.h:81:1:[m[K [01;36m[Knote: [m[Kcandidate: actionlib::SimpleActionServer<ActionSpec>::SimpleActionServer(std::__cxx11::string, actionlib::SimpleActionServer<ActionSpec>::ExecuteCallback) [with ActionSpec = dyplom::goalAction_<std::allocator<void> >; std::__cxx11::string = std::__cxx11::basic_string<char>; actionlib::SimpleActionServer<ActionSpec>::ExecuteCallback = boost::function<void(const boost::shared_ptr<const dyplom::goalGoal_<std::allocator<void> > >&)>; typename ActionSpec::_action_goal_type::_goal_type = dyplom::goalGoal_<std::allocator<void> >]
 [01;36m[KSimpleActionServer<ActionSpec>[m[K::SimpleActionServer(std::string name,
 [01;36m[K^~~~~~~~~~~~~~~~~~~~~~~~~~~~~~[m[K
[01m[K/opt/ros/melodic/include/actionlib/server/simple_action_server_imp.h:81:1:[m[K [01;36m[Knote: [m[K  candidate expects 2 arguments, 4 provided
[01m[K/opt/ros/melodic/include/actionlib/server/simple_action_server_imp.h:65:1:[m[K [01;36m[Knote: [m[Kcandidate: actionlib::SimpleActionServer<ActionSpec>::SimpleActionServer(std::__cxx11::string, bool) [with ActionSpec = dyplom::goalAction_<std::allocator<void> >; std::__cxx11::string = std::__cxx11::basic_string<char>]
 [01;36m[KSimpleActionServer<ActionSpec>[m[K::SimpleActionServer(std::string name, bool auto_start)
 [01;36m[K^~~~~~~~~~~~~~~~~~~~~~~~~~~~~~[m[K
[01m[K/opt/ros/melodic/include/actionlib/server/simple_action_server_imp.h:65:1:[m[K [01;36m[Knote: [m[K  candidate expects 2 arguments, 4 provided
[01m[K/opt/ros/melodic/include/actionlib/server/simple_action_server_imp.h:47:1:[m[K [01;36m[Knote: [m[Kcandidate: actionlib::SimpleActionServer<ActionSpec>::SimpleActionServer(std::__cxx11::string, actionlib::SimpleActionServer<ActionSpec>::ExecuteCallback, bool) [with ActionSpec = dyplom::goalAction_<std::allocator<void> >; std::__cxx11::string = std::__cxx11::basic_string<char>; actionlib::SimpleActionServer<ActionSpec>::ExecuteCallback = boost::function<void(const boost::shared_ptr<const dyplom::goalGoal_<std::allocator<void> > >&)>; typename ActionSpec::_action_goal_type::_goal_type = dyplom::goalGoal_<std::allocator<void> >]
 [01;36m[KSimpleActionServer<ActionSpec>[m[K::SimpleActionServer(std::string name,
 [01;36m[K^~~~~~~~~~~~~~~~~~~~~~~~~~~~~~[m[K
[01m[K/opt/ros/melodic/include/actionlib/server/simple_action_server_imp.h:47:1:[m[K [01;36m[Knote: [m[K  candidate expects 3 arguments, 4 provided
make[2]: *** [CMakeFiles/move.dir/scripts/move.cpp.o] Error 1
make[1]: *** [CMakeFiles/move.dir/all] Error 2
make: *** [all] Error 2
