Linked: (/home/maciek/dyplom_ws/devel/.private/dyplom/lib/pkgconfig/dyplom.pc, /home/maciek/dyplom_ws/devel/lib/pkgconfig/dyplom.pc)
Linked: (/home/maciek/dyplom_ws/devel/.private/dyplom/lib/python2.7/dist-packages/dyplom/__init__.py, /home/maciek/dyplom_ws/devel/lib/python2.7/dist-packages/dyplom/__init__.py)
Linked: (/home/maciek/dyplom_ws/devel/.private/dyplom/lib/python2.7/dist-packages/dyplom/msg/__init__.py, /home/maciek/dyplom_ws/devel/lib/python2.7/dist-packages/dyplom/msg/__init__.py)
Linked: (/home/maciek/dyplom_ws/devel/.private/dyplom/lib/python2.7/dist-packages/dyplom/msg/_goal_actionActionResult.py, /home/maciek/dyplom_ws/devel/lib/python2.7/dist-packages/dyplom/msg/_goal_actionActionResult.py)
Linked: (/home/maciek/dyplom_ws/devel/.private/dyplom/lib/python2.7/dist-packages/dyplom/msg/_goal_actionGoal.py, /home/maciek/dyplom_ws/devel/lib/python2.7/dist-packages/dyplom/msg/_goal_actionGoal.py)
Linked: (/home/maciek/dyplom_ws/devel/.private/dyplom/lib/python2.7/dist-packages/dyplom/msg/_goalActionFeedback.py, /home/maciek/dyplom_ws/devel/lib/python2.7/dist-packages/dyplom/msg/_goalActionFeedback.py)
Linked: (/home/maciek/dyplom_ws/devel/.private/dyplom/lib/python2.7/dist-packages/dyplom/msg/_goal_actionActionGoal.py, /home/maciek/dyplom_ws/devel/lib/python2.7/dist-packages/dyplom/msg/_goal_actionActionGoal.py)
Linked: (/home/maciek/dyplom_ws/devel/.private/dyplom/lib/python2.7/dist-packages/dyplom/msg/_goalResult.py, /home/maciek/dyplom_ws/devel/lib/python2.7/dist-packages/dyplom/msg/_goalResult.py)
Linked: (/home/maciek/dyplom_ws/devel/.private/dyplom/lib/python2.7/dist-packages/dyplom/msg/_goalActionResult.py, /home/maciek/dyplom_ws/devel/lib/python2.7/dist-packages/dyplom/msg/_goalActionResult.py)
Linked: (/home/maciek/dyplom_ws/devel/.private/dyplom/lib/python2.7/dist-packages/dyplom/msg/_goalActionGoal.py, /home/maciek/dyplom_ws/devel/lib/python2.7/dist-packages/dyplom/msg/_goalActionGoal.py)
Linked: (/home/maciek/dyplom_ws/devel/.private/dyplom/lib/python2.7/dist-packages/dyplom/msg/_goal_actionFeedback.py, /home/maciek/dyplom_ws/devel/lib/python2.7/dist-packages/dyplom/msg/_goal_actionFeedback.py)
Linked: (/home/maciek/dyplom_ws/devel/.private/dyplom/lib/python2.7/dist-packages/dyplom/msg/_goal_actionActionFeedback.py, /home/maciek/dyplom_ws/devel/lib/python2.7/dist-packages/dyplom/msg/_goal_actionActionFeedback.py)
Linked: (/home/maciek/dyplom_ws/devel/.private/dyplom/lib/python2.7/dist-packages/dyplom/msg/_goalAction.py, /home/maciek/dyplom_ws/devel/lib/python2.7/dist-packages/dyplom/msg/_goalAction.py)
Linked: (/home/maciek/dyplom_ws/devel/.private/dyplom/lib/python2.7/dist-packages/dyplom/msg/_goalFeedback.py, /home/maciek/dyplom_ws/devel/lib/python2.7/dist-packages/dyplom/msg/_goalFeedback.py)
Linked: (/home/maciek/dyplom_ws/devel/.private/dyplom/lib/python2.7/dist-packages/dyplom/msg/_goal_actionAction.py, /home/maciek/dyplom_ws/devel/lib/python2.7/dist-packages/dyplom/msg/_goal_actionAction.py)
Linked: (/home/maciek/dyplom_ws/devel/.private/dyplom/lib/python2.7/dist-packages/dyplom/msg/_goal_actionResult.py, /home/maciek/dyplom_ws/devel/lib/python2.7/dist-packages/dyplom/msg/_goal_actionResult.py)
Linked: (/home/maciek/dyplom_ws/devel/.private/dyplom/lib/python2.7/dist-packages/dyplom/msg/_goalGoal.py, /home/maciek/dyplom_ws/devel/lib/python2.7/dist-packages/dyplom/msg/_goalGoal.py)
Linked: (/home/maciek/dyplom_ws/devel/.private/dyplom/lib/python2.7/dist-packages/dyplom/srv/__init__.py, /home/maciek/dyplom_ws/devel/lib/python2.7/dist-packages/dyplom/srv/__init__.py)
Linked: (/home/maciek/dyplom_ws/devel/.private/dyplom/lib/python2.7/dist-packages/dyplom/srv/_problem_gen.py, /home/maciek/dyplom_ws/devel/lib/python2.7/dist-packages/dyplom/srv/_problem_gen.py)
Linked: (/home/maciek/dyplom_ws/devel/.private/dyplom/lib/dyplom/move, /home/maciek/dyplom_ws/devel/lib/dyplom/move)
Linked: (/home/maciek/dyplom_ws/devel/.private/dyplom/share/dyplom/cmake/dyplomConfig.cmake, /home/maciek/dyplom_ws/devel/share/dyplom/cmake/dyplomConfig.cmake)
Linked: (/home/maciek/dyplom_ws/devel/.private/dyplom/share/dyplom/cmake/dyplomConfig-version.cmake, /home/maciek/dyplom_ws/devel/share/dyplom/cmake/dyplomConfig-version.cmake)
Linked: (/home/maciek/dyplom_ws/devel/.private/dyplom/share/dyplom/cmake/dyplom-msg-extras.cmake, /home/maciek/dyplom_ws/devel/share/dyplom/cmake/dyplom-msg-extras.cmake)
Linked: (/home/maciek/dyplom_ws/devel/.private/dyplom/share/dyplom/cmake/dyplom-msg-paths.cmake, /home/maciek/dyplom_ws/devel/share/dyplom/cmake/dyplom-msg-paths.cmake)
Linked: (/home/maciek/dyplom_ws/devel/.private/dyplom/share/dyplom/msg/goal_actionActionResult.msg, /home/maciek/dyplom_ws/devel/share/dyplom/msg/goal_actionActionResult.msg)
Linked: (/home/maciek/dyplom_ws/devel/.private/dyplom/share/dyplom/msg/goal_actionAction.msg, /home/maciek/dyplom_ws/devel/share/dyplom/msg/goal_actionAction.msg)
Linked: (/home/maciek/dyplom_ws/devel/.private/dyplom/share/dyplom/msg/goalActionResult.msg, /home/maciek/dyplom_ws/devel/share/dyplom/msg/goalActionResult.msg)
Linked: (/home/maciek/dyplom_ws/devel/.private/dyplom/share/dyplom/msg/goalActionFeedback.msg, /home/maciek/dyplom_ws/devel/share/dyplom/msg/goalActionFeedback.msg)
Linked: (/home/maciek/dyplom_ws/devel/.private/dyplom/share/dyplom/msg/goal_actionGoal.msg, /home/maciek/dyplom_ws/devel/share/dyplom/msg/goal_actionGoal.msg)
Linked: (/home/maciek/dyplom_ws/devel/.private/dyplom/share/dyplom/msg/goalGoal.msg, /home/maciek/dyplom_ws/devel/share/dyplom/msg/goalGoal.msg)
Linked: (/home/maciek/dyplom_ws/devel/.private/dyplom/share/dyplom/msg/goalResult.msg, /home/maciek/dyplom_ws/devel/share/dyplom/msg/goalResult.msg)
Linked: (/home/maciek/dyplom_ws/devel/.private/dyplom/share/dyplom/msg/goalActionGoal.msg, /home/maciek/dyplom_ws/devel/share/dyplom/msg/goalActionGoal.msg)
Linked: (/home/maciek/dyplom_ws/devel/.private/dyplom/share/dyplom/msg/goal_actionFeedback.msg, /home/maciek/dyplom_ws/devel/share/dyplom/msg/goal_actionFeedback.msg)
Linked: (/home/maciek/dyplom_ws/devel/.private/dyplom/share/dyplom/msg/goal_actionActionGoal.msg, /home/maciek/dyplom_ws/devel/share/dyplom/msg/goal_actionActionGoal.msg)
Linked: (/home/maciek/dyplom_ws/devel/.private/dyplom/share/dyplom/msg/goal_actionResult.msg, /home/maciek/dyplom_ws/devel/share/dyplom/msg/goal_actionResult.msg)
Linked: (/home/maciek/dyplom_ws/devel/.private/dyplom/share/dyplom/msg/goalFeedback.msg, /home/maciek/dyplom_ws/devel/share/dyplom/msg/goalFeedback.msg)
Linked: (/home/maciek/dyplom_ws/devel/.private/dyplom/share/dyplom/msg/goal_actionActionFeedback.msg, /home/maciek/dyplom_ws/devel/share/dyplom/msg/goal_actionActionFeedback.msg)
Linked: (/home/maciek/dyplom_ws/devel/.private/dyplom/share/dyplom/msg/goalAction.msg, /home/maciek/dyplom_ws/devel/share/dyplom/msg/goalAction.msg)
Linked: (/home/maciek/dyplom_ws/devel/.private/dyplom/share/common-lisp/ros/dyplom/msg/goalGoal.lisp, /home/maciek/dyplom_ws/devel/share/common-lisp/ros/dyplom/msg/goalGoal.lisp)
Linked: (/home/maciek/dyplom_ws/devel/.private/dyplom/share/common-lisp/ros/dyplom/msg/goal_actionResult.lisp, /home/maciek/dyplom_ws/devel/share/common-lisp/ros/dyplom/msg/goal_actionResult.lisp)
Linked: (/home/maciek/dyplom_ws/devel/.private/dyplom/share/common-lisp/ros/dyplom/msg/goalActionResult.lisp, /home/maciek/dyplom_ws/devel/share/common-lisp/ros/dyplom/msg/goalActionResult.lisp)
Linked: (/home/maciek/dyplom_ws/devel/.private/dyplom/share/common-lisp/ros/dyplom/msg/goalFeedback.lisp, /home/maciek/dyplom_ws/devel/share/common-lisp/ros/dyplom/msg/goalFeedback.lisp)
Linked: (/home/maciek/dyplom_ws/devel/.private/dyplom/share/common-lisp/ros/dyplom/msg/_package_goalFeedback.lisp, /home/maciek/dyplom_ws/devel/share/common-lisp/ros/dyplom/msg/_package_goalFeedback.lisp)
Linked: (/home/maciek/dyplom_ws/devel/.private/dyplom/share/common-lisp/ros/dyplom/msg/_package_goalActionFeedback.lisp, /home/maciek/dyplom_ws/devel/share/common-lisp/ros/dyplom/msg/_package_goalActionFeedback.lisp)
Linked: (/home/maciek/dyplom_ws/devel/.private/dyplom/share/common-lisp/ros/dyplom/msg/_package_goalActionGoal.lisp, /home/maciek/dyplom_ws/devel/share/common-lisp/ros/dyplom/msg/_package_goalActionGoal.lisp)
Linked: (/home/maciek/dyplom_ws/devel/.private/dyplom/share/common-lisp/ros/dyplom/msg/_package_goalGoal.lisp, /home/maciek/dyplom_ws/devel/share/common-lisp/ros/dyplom/msg/_package_goalGoal.lisp)
Linked: (/home/maciek/dyplom_ws/devel/.private/dyplom/share/common-lisp/ros/dyplom/msg/dyplom-msg.asd, /home/maciek/dyplom_ws/devel/share/common-lisp/ros/dyplom/msg/dyplom-msg.asd)
Linked: (/home/maciek/dyplom_ws/devel/.private/dyplom/share/common-lisp/ros/dyplom/msg/_package_goalResult.lisp, /home/maciek/dyplom_ws/devel/share/common-lisp/ros/dyplom/msg/_package_goalResult.lisp)
Linked: (/home/maciek/dyplom_ws/devel/.private/dyplom/share/common-lisp/ros/dyplom/msg/_package_goalActionResult.lisp, /home/maciek/dyplom_ws/devel/share/common-lisp/ros/dyplom/msg/_package_goalActionResult.lisp)
Linked: (/home/maciek/dyplom_ws/devel/.private/dyplom/share/common-lisp/ros/dyplom/msg/_package_goal_actionAction.lisp, /home/maciek/dyplom_ws/devel/share/common-lisp/ros/dyplom/msg/_package_goal_actionAction.lisp)
Linked: (/home/maciek/dyplom_ws/devel/.private/dyplom/share/common-lisp/ros/dyplom/msg/_package_goal_actionGoal.lisp, /home/maciek/dyplom_ws/devel/share/common-lisp/ros/dyplom/msg/_package_goal_actionGoal.lisp)
Linked: (/home/maciek/dyplom_ws/devel/.private/dyplom/share/common-lisp/ros/dyplom/msg/goalAction.lisp, /home/maciek/dyplom_ws/devel/share/common-lisp/ros/dyplom/msg/goalAction.lisp)
Linked: (/home/maciek/dyplom_ws/devel/.private/dyplom/share/common-lisp/ros/dyplom/msg/goalActionGoal.lisp, /home/maciek/dyplom_ws/devel/share/common-lisp/ros/dyplom/msg/goalActionGoal.lisp)
Linked: (/home/maciek/dyplom_ws/devel/.private/dyplom/share/common-lisp/ros/dyplom/msg/_package_goal_actionActionFeedback.lisp, /home/maciek/dyplom_ws/devel/share/common-lisp/ros/dyplom/msg/_package_goal_actionActionFeedback.lisp)
Linked: (/home/maciek/dyplom_ws/devel/.private/dyplom/share/common-lisp/ros/dyplom/msg/goal_actionFeedback.lisp, /home/maciek/dyplom_ws/devel/share/common-lisp/ros/dyplom/msg/goal_actionFeedback.lisp)
Linked: (/home/maciek/dyplom_ws/devel/.private/dyplom/share/common-lisp/ros/dyplom/msg/goal_actionActionResult.lisp, /home/maciek/dyplom_ws/devel/share/common-lisp/ros/dyplom/msg/goal_actionActionResult.lisp)
Linked: (/home/maciek/dyplom_ws/devel/.private/dyplom/share/common-lisp/ros/dyplom/msg/goal_actionAction.lisp, /home/maciek/dyplom_ws/devel/share/common-lisp/ros/dyplom/msg/goal_actionAction.lisp)
Linked: (/home/maciek/dyplom_ws/devel/.private/dyplom/share/common-lisp/ros/dyplom/msg/goal_actionActionFeedback.lisp, /home/maciek/dyplom_ws/devel/share/common-lisp/ros/dyplom/msg/goal_actionActionFeedback.lisp)
Linked: (/home/maciek/dyplom_ws/devel/.private/dyplom/share/common-lisp/ros/dyplom/msg/goal_actionActionGoal.lisp, /home/maciek/dyplom_ws/devel/share/common-lisp/ros/dyplom/msg/goal_actionActionGoal.lisp)
Linked: (/home/maciek/dyplom_ws/devel/.private/dyplom/share/common-lisp/ros/dyplom/msg/_package_goalAction.lisp, /home/maciek/dyplom_ws/devel/share/common-lisp/ros/dyplom/msg/_package_goalAction.lisp)
Linked: (/home/maciek/dyplom_ws/devel/.private/dyplom/share/common-lisp/ros/dyplom/msg/_package.lisp, /home/maciek/dyplom_ws/devel/share/common-lisp/ros/dyplom/msg/_package.lisp)
Linked: (/home/maciek/dyplom_ws/devel/.private/dyplom/share/common-lisp/ros/dyplom/msg/_package_goal_actionFeedback.lisp, /home/maciek/dyplom_ws/devel/share/common-lisp/ros/dyplom/msg/_package_goal_actionFeedback.lisp)
Linked: (/home/maciek/dyplom_ws/devel/.private/dyplom/share/common-lisp/ros/dyplom/msg/goalResult.lisp, /home/maciek/dyplom_ws/devel/share/common-lisp/ros/dyplom/msg/goalResult.lisp)
Linked: (/home/maciek/dyplom_ws/devel/.private/dyplom/share/common-lisp/ros/dyplom/msg/_package_goal_actionResult.lisp, /home/maciek/dyplom_ws/devel/share/common-lisp/ros/dyplom/msg/_package_goal_actionResult.lisp)
Linked: (/home/maciek/dyplom_ws/devel/.private/dyplom/share/common-lisp/ros/dyplom/msg/goal_actionGoal.lisp, /home/maciek/dyplom_ws/devel/share/common-lisp/ros/dyplom/msg/goal_actionGoal.lisp)
Linked: (/home/maciek/dyplom_ws/devel/.private/dyplom/share/common-lisp/ros/dyplom/msg/goalActionFeedback.lisp, /home/maciek/dyplom_ws/devel/share/common-lisp/ros/dyplom/msg/goalActionFeedback.lisp)
Linked: (/home/maciek/dyplom_ws/devel/.private/dyplom/share/common-lisp/ros/dyplom/msg/_package_goal_actionActionResult.lisp, /home/maciek/dyplom_ws/devel/share/common-lisp/ros/dyplom/msg/_package_goal_actionActionResult.lisp)
Linked: (/home/maciek/dyplom_ws/devel/.private/dyplom/share/common-lisp/ros/dyplom/msg/_package_goal_actionActionGoal.lisp, /home/maciek/dyplom_ws/devel/share/common-lisp/ros/dyplom/msg/_package_goal_actionActionGoal.lisp)
Linked: (/home/maciek/dyplom_ws/devel/.private/dyplom/share/common-lisp/ros/dyplom/srv/problem_gen.lisp, /home/maciek/dyplom_ws/devel/share/common-lisp/ros/dyplom/srv/problem_gen.lisp)
Linked: (/home/maciek/dyplom_ws/devel/.private/dyplom/share/common-lisp/ros/dyplom/srv/_package_problem_gen.lisp, /home/maciek/dyplom_ws/devel/share/common-lisp/ros/dyplom/srv/_package_problem_gen.lisp)
Linked: (/home/maciek/dyplom_ws/devel/.private/dyplom/share/common-lisp/ros/dyplom/srv/dyplom-srv.asd, /home/maciek/dyplom_ws/devel/share/common-lisp/ros/dyplom/srv/dyplom-srv.asd)
Linked: (/home/maciek/dyplom_ws/devel/.private/dyplom/share/common-lisp/ros/dyplom/srv/_package.lisp, /home/maciek/dyplom_ws/devel/share/common-lisp/ros/dyplom/srv/_package.lisp)
Linked: (/home/maciek/dyplom_ws/devel/.private/dyplom/share/roseus/ros/dyplom/manifest.l, /home/maciek/dyplom_ws/devel/share/roseus/ros/dyplom/manifest.l)
Linked: (/home/maciek/dyplom_ws/devel/.private/dyplom/share/roseus/ros/dyplom/msg/goal_actionFeedback.l, /home/maciek/dyplom_ws/devel/share/roseus/ros/dyplom/msg/goal_actionFeedback.l)
Linked: (/home/maciek/dyplom_ws/devel/.private/dyplom/share/roseus/ros/dyplom/msg/goalAction.l, /home/maciek/dyplom_ws/devel/share/roseus/ros/dyplom/msg/goalAction.l)
Linked: (/home/maciek/dyplom_ws/devel/.private/dyplom/share/roseus/ros/dyplom/msg/goalGoal.l, /home/maciek/dyplom_ws/devel/share/roseus/ros/dyplom/msg/goalGoal.l)
Linked: (/home/maciek/dyplom_ws/devel/.private/dyplom/share/roseus/ros/dyplom/msg/goalActionFeedback.l, /home/maciek/dyplom_ws/devel/share/roseus/ros/dyplom/msg/goalActionFeedback.l)
Linked: (/home/maciek/dyplom_ws/devel/.private/dyplom/share/roseus/ros/dyplom/msg/goal_actionGoal.l, /home/maciek/dyplom_ws/devel/share/roseus/ros/dyplom/msg/goal_actionGoal.l)
Linked: (/home/maciek/dyplom_ws/devel/.private/dyplom/share/roseus/ros/dyplom/msg/goal_actionActionGoal.l, /home/maciek/dyplom_ws/devel/share/roseus/ros/dyplom/msg/goal_actionActionGoal.l)
Linked: (/home/maciek/dyplom_ws/devel/.private/dyplom/share/roseus/ros/dyplom/msg/goalFeedback.l, /home/maciek/dyplom_ws/devel/share/roseus/ros/dyplom/msg/goalFeedback.l)
Linked: (/home/maciek/dyplom_ws/devel/.private/dyplom/share/roseus/ros/dyplom/msg/goal_actionActionFeedback.l, /home/maciek/dyplom_ws/devel/share/roseus/ros/dyplom/msg/goal_actionActionFeedback.l)
Linked: (/home/maciek/dyplom_ws/devel/.private/dyplom/share/roseus/ros/dyplom/msg/goal_actionResult.l, /home/maciek/dyplom_ws/devel/share/roseus/ros/dyplom/msg/goal_actionResult.l)
Linked: (/home/maciek/dyplom_ws/devel/.private/dyplom/share/roseus/ros/dyplom/msg/goalResult.l, /home/maciek/dyplom_ws/devel/share/roseus/ros/dyplom/msg/goalResult.l)
Linked: (/home/maciek/dyplom_ws/devel/.private/dyplom/share/roseus/ros/dyplom/msg/goal_actionAction.l, /home/maciek/dyplom_ws/devel/share/roseus/ros/dyplom/msg/goal_actionAction.l)
Linked: (/home/maciek/dyplom_ws/devel/.private/dyplom/share/roseus/ros/dyplom/msg/goalActionResult.l, /home/maciek/dyplom_ws/devel/share/roseus/ros/dyplom/msg/goalActionResult.l)
Linked: (/home/maciek/dyplom_ws/devel/.private/dyplom/share/roseus/ros/dyplom/msg/goal_actionActionResult.l, /home/maciek/dyplom_ws/devel/share/roseus/ros/dyplom/msg/goal_actionActionResult.l)
Linked: (/home/maciek/dyplom_ws/devel/.private/dyplom/share/roseus/ros/dyplom/msg/goalActionGoal.l, /home/maciek/dyplom_ws/devel/share/roseus/ros/dyplom/msg/goalActionGoal.l)
Linked: (/home/maciek/dyplom_ws/devel/.private/dyplom/share/roseus/ros/dyplom/srv/problem_gen.l, /home/maciek/dyplom_ws/devel/share/roseus/ros/dyplom/srv/problem_gen.l)
Linked: (/home/maciek/dyplom_ws/devel/.private/dyplom/share/gennodejs/ros/dyplom/_index.js, /home/maciek/dyplom_ws/devel/share/gennodejs/ros/dyplom/_index.js)
Linked: (/home/maciek/dyplom_ws/devel/.private/dyplom/share/gennodejs/ros/dyplom/msg/goal_actionActionGoal.js, /home/maciek/dyplom_ws/devel/share/gennodejs/ros/dyplom/msg/goal_actionActionGoal.js)
Linked: (/home/maciek/dyplom_ws/devel/.private/dyplom/share/gennodejs/ros/dyplom/msg/goalActionResult.js, /home/maciek/dyplom_ws/devel/share/gennodejs/ros/dyplom/msg/goalActionResult.js)
Linked: (/home/maciek/dyplom_ws/devel/.private/dyplom/share/gennodejs/ros/dyplom/msg/goalActionFeedback.js, /home/maciek/dyplom_ws/devel/share/gennodejs/ros/dyplom/msg/goalActionFeedback.js)
Linked: (/home/maciek/dyplom_ws/devel/.private/dyplom/share/gennodejs/ros/dyplom/msg/goal_actionFeedback.js, /home/maciek/dyplom_ws/devel/share/gennodejs/ros/dyplom/msg/goal_actionFeedback.js)
Linked: (/home/maciek/dyplom_ws/devel/.private/dyplom/share/gennodejs/ros/dyplom/msg/goal_actionGoal.js, /home/maciek/dyplom_ws/devel/share/gennodejs/ros/dyplom/msg/goal_actionGoal.js)
Linked: (/home/maciek/dyplom_ws/devel/.private/dyplom/share/gennodejs/ros/dyplom/msg/goal_actionActionFeedback.js, /home/maciek/dyplom_ws/devel/share/gennodejs/ros/dyplom/msg/goal_actionActionFeedback.js)
Linked: (/home/maciek/dyplom_ws/devel/.private/dyplom/share/gennodejs/ros/dyplom/msg/goal_actionResult.js, /home/maciek/dyplom_ws/devel/share/gennodejs/ros/dyplom/msg/goal_actionResult.js)
Linked: (/home/maciek/dyplom_ws/devel/.private/dyplom/share/gennodejs/ros/dyplom/msg/goalResult.js, /home/maciek/dyplom_ws/devel/share/gennodejs/ros/dyplom/msg/goalResult.js)
Linked: (/home/maciek/dyplom_ws/devel/.private/dyplom/share/gennodejs/ros/dyplom/msg/_index.js, /home/maciek/dyplom_ws/devel/share/gennodejs/ros/dyplom/msg/_index.js)
Linked: (/home/maciek/dyplom_ws/devel/.private/dyplom/share/gennodejs/ros/dyplom/msg/goal_actionActionResult.js, /home/maciek/dyplom_ws/devel/share/gennodejs/ros/dyplom/msg/goal_actionActionResult.js)
Linked: (/home/maciek/dyplom_ws/devel/.private/dyplom/share/gennodejs/ros/dyplom/msg/goalFeedback.js, /home/maciek/dyplom_ws/devel/share/gennodejs/ros/dyplom/msg/goalFeedback.js)
Linked: (/home/maciek/dyplom_ws/devel/.private/dyplom/share/gennodejs/ros/dyplom/msg/goal_actionAction.js, /home/maciek/dyplom_ws/devel/share/gennodejs/ros/dyplom/msg/goal_actionAction.js)
Linked: (/home/maciek/dyplom_ws/devel/.private/dyplom/share/gennodejs/ros/dyplom/msg/goalAction.js, /home/maciek/dyplom_ws/devel/share/gennodejs/ros/dyplom/msg/goalAction.js)
Linked: (/home/maciek/dyplom_ws/devel/.private/dyplom/share/gennodejs/ros/dyplom/msg/goalGoal.js, /home/maciek/dyplom_ws/devel/share/gennodejs/ros/dyplom/msg/goalGoal.js)
Linked: (/home/maciek/dyplom_ws/devel/.private/dyplom/share/gennodejs/ros/dyplom/msg/goalActionGoal.js, /home/maciek/dyplom_ws/devel/share/gennodejs/ros/dyplom/msg/goalActionGoal.js)
Linked: (/home/maciek/dyplom_ws/devel/.private/dyplom/share/gennodejs/ros/dyplom/srv/problem_gen.js, /home/maciek/dyplom_ws/devel/share/gennodejs/ros/dyplom/srv/problem_gen.js)
Linked: (/home/maciek/dyplom_ws/devel/.private/dyplom/share/gennodejs/ros/dyplom/srv/_index.js, /home/maciek/dyplom_ws/devel/share/gennodejs/ros/dyplom/srv/_index.js)
Linked: (/home/maciek/dyplom_ws/devel/.private/dyplom/include/dyplom/problem_genRequest.h, /home/maciek/dyplom_ws/devel/include/dyplom/problem_genRequest.h)
Linked: (/home/maciek/dyplom_ws/devel/.private/dyplom/include/dyplom/goal_actionResult.h, /home/maciek/dyplom_ws/devel/include/dyplom/goal_actionResult.h)
Linked: (/home/maciek/dyplom_ws/devel/.private/dyplom/include/dyplom/goalAction.h, /home/maciek/dyplom_ws/devel/include/dyplom/goalAction.h)
Linked: (/home/maciek/dyplom_ws/devel/.private/dyplom/include/dyplom/goal_actionActionGoal.h, /home/maciek/dyplom_ws/devel/include/dyplom/goal_actionActionGoal.h)
Linked: (/home/maciek/dyplom_ws/devel/.private/dyplom/include/dyplom/goalGoal.h, /home/maciek/dyplom_ws/devel/include/dyplom/goalGoal.h)
Linked: (/home/maciek/dyplom_ws/devel/.private/dyplom/include/dyplom/goalFeedback.h, /home/maciek/dyplom_ws/devel/include/dyplom/goalFeedback.h)
Linked: (/home/maciek/dyplom_ws/devel/.private/dyplom/include/dyplom/goalActionResult.h, /home/maciek/dyplom_ws/devel/include/dyplom/goalActionResult.h)
Linked: (/home/maciek/dyplom_ws/devel/.private/dyplom/include/dyplom/goal_actionGoal.h, /home/maciek/dyplom_ws/devel/include/dyplom/goal_actionGoal.h)
Linked: (/home/maciek/dyplom_ws/devel/.private/dyplom/include/dyplom/goalActionFeedback.h, /home/maciek/dyplom_ws/devel/include/dyplom/goalActionFeedback.h)
Linked: (/home/maciek/dyplom_ws/devel/.private/dyplom/include/dyplom/goal_actionAction.h, /home/maciek/dyplom_ws/devel/include/dyplom/goal_actionAction.h)
Linked: (/home/maciek/dyplom_ws/devel/.private/dyplom/include/dyplom/goal_actionFeedback.h, /home/maciek/dyplom_ws/devel/include/dyplom/goal_actionFeedback.h)
Linked: (/home/maciek/dyplom_ws/devel/.private/dyplom/include/dyplom/goalActionGoal.h, /home/maciek/dyplom_ws/devel/include/dyplom/goalActionGoal.h)
Linked: (/home/maciek/dyplom_ws/devel/.private/dyplom/include/dyplom/problem_gen.h, /home/maciek/dyplom_ws/devel/include/dyplom/problem_gen.h)
Linked: (/home/maciek/dyplom_ws/devel/.private/dyplom/include/dyplom/problem_genResponse.h, /home/maciek/dyplom_ws/devel/include/dyplom/problem_genResponse.h)
Linked: (/home/maciek/dyplom_ws/devel/.private/dyplom/include/dyplom/goal_actionActionFeedback.h, /home/maciek/dyplom_ws/devel/include/dyplom/goal_actionActionFeedback.h)
Linked: (/home/maciek/dyplom_ws/devel/.private/dyplom/include/dyplom/goalResult.h, /home/maciek/dyplom_ws/devel/include/dyplom/goalResult.h)
Linked: (/home/maciek/dyplom_ws/devel/.private/dyplom/include/dyplom/goal_actionActionResult.h, /home/maciek/dyplom_ws/devel/include/dyplom/goal_actionActionResult.h)
