[  0%] Built target geometry_msgs_generate_messages_cpp
[  0%] Built target nav_msgs_generate_messages_cpp
[  0%] Built target _dyplom_generate_messages_check_deps_goalGoal
[  0%] Built target _dyplom_generate_messages_check_deps_goalAction
[  0%] Built target _dyplom_generate_messages_check_deps_goalActionResult
[  0%] Built target std_msgs_generate_messages_cpp
[  0%] Built target _dyplom_generate_messages_check_deps_goalActionGoal
[  0%] Built target actionlib_msgs_generate_messages_cpp
[  0%] Built target _dyplom_generate_messages_check_deps_goalFeedback
[  0%] Built target _dyplom_generate_messages_check_deps_goalActionFeedback
[  0%] Built target nav_msgs_generate_messages_lisp
[  0%] Built target geometry_msgs_generate_messages_lisp
[  0%] Built target actionlib_msgs_generate_messages_lisp
[  0%] Built target std_msgs_generate_messages_lisp
[  0%] Built target nav_msgs_generate_messages_py
[  0%] Built target geometry_msgs_generate_messages_py
[  0%] Built target actionlib_msgs_generate_messages_py
[  0%] Built target std_msgs_generate_messages_py
[  0%] Built target _dyplom_generate_messages_check_deps_goalResult
[  0%] Built target nav_msgs_generate_messages_nodejs
[  0%] Built target geometry_msgs_generate_messages_nodejs
[  0%] Built target std_msgs_generate_messages_nodejs
[  0%] Built target actionlib_msgs_generate_messages_nodejs
[  0%] Built target nav_msgs_generate_messages_eus
[  0%] Built target geometry_msgs_generate_messages_eus
[  0%] Built target actionlib_msgs_generate_messages_eus
[  0%] Built target std_msgs_generate_messages_eus
[ 17%] Built target dyplom_generate_messages_lisp
[ 35%] Built target dyplom_generate_messages_cpp
[ 57%] Built target dyplom_generate_messages_py
[ 75%] Built target dyplom_generate_messages_nodejs
[35m[1mScanning dependencies of target move[0m
[ 95%] Built target dyplom_generate_messages_eus
[ 95%] Built target dyplom_generate_messages
[ 97%] [32mBuilding CXX object CMakeFiles/move.dir/scripts/move.cpp.o[0m
[01m[K/home/maciek/dyplom_ws/src/dyplom/scripts/move.cpp:[m[K In function ‘[01m[Kvoid goalCallback(const ConstPtr&)[m[K’:
[01m[K/home/maciek/dyplom_ws/src/dyplom/scripts/move.cpp:51:14:[m[K [01;31m[Kerror: [m[K‘[01m[Kconst ConstPtr {aka const class boost::shared_ptr<const geometry_msgs::PoseStamped_<std::allocator<void> > >}[m[K’ has no member named ‘[01m[Kpose[m[K’
     if (*msg.[01;31m[Kpose[m[K.position.x != goalPose.pose.position.x || *msg.pose.position.y != goalPose.pose.position.y){
              [01;31m[K^~~~[m[K
[01m[K/home/maciek/dyplom_ws/src/dyplom/scripts/move.cpp:51:66:[m[K [01;31m[Kerror: [m[K‘[01m[Kconst ConstPtr {aka const class boost::shared_ptr<const geometry_msgs::PoseStamped_<std::allocator<void> > >}[m[K’ has no member named ‘[01m[Kpose[m[K’
     if (*msg.pose.position.x != goalPose.pose.position.x || *msg.[01;31m[Kpose[m[K.position.y != goalPose.pose.position.y){
                                                                  [01;31m[K^~~~[m[K
In file included from [01m[K/opt/ros/melodic/include/ros/ros.h:40:0[m[K,
                 from [01m[K/home/maciek/dyplom_ws/src/dyplom/scripts/move.cpp:1[m[K:
[01m[K/home/maciek/dyplom_ws/src/dyplom/scripts/move.cpp:[m[K In function ‘[01m[Kvoid odomCallback(const ConstPtr&)[m[K’:
[01m[K/opt/ros/melodic/include/ros/console.h:348:176:[m[K [01;35m[Kwarning: [m[Kformat ‘[01m[K%f[m[K’ expects argument of type ‘[01m[Kdouble[m[K’, but argument 8 has type ‘[01m[Kint[m[K’ [[01;35m[K-Wformat=[m[K]
     ::ros::console::print(filter, __rosconsole_define_location__loc.logger_, __rosconsole_define_location__loc.level_, __FILE__, __LINE__, __ROSCONSOLE_FUNCTION__, __VA_ARGS__[01;35m[K)[m[K
                                                                                                                                                                                [01;35m[K^[m[K
[01m[K/opt/ros/melodic/include/ros/console.h:351:5:[m[K [01;36m[Knote: [m[Kin expansion of macro ‘[01m[KROSCONSOLE_PRINT_AT_LOCATION_WITH_FILTER[m[K’
     [01;36m[KROSCONSOLE_PRINT_AT_LOCATION_WITH_FILTER[m[K(NULL, __VA_ARGS__)
     [01;36m[K^~~~~~~~~~~~~~~~~~~~~~~~~~~~~~~~~~~~~~~~[m[K
[01m[K/opt/ros/melodic/include/ros/console.h:387:7:[m[K [01;36m[Knote: [m[Kin expansion of macro ‘[01m[KROSCONSOLE_PRINT_AT_LOCATION[m[K’
       [01;36m[KROSCONSOLE_PRINT_AT_LOCATION[m[K(__VA_ARGS__); \
       [01;36m[K^~~~~~~~~~~~~~~~~~~~~~~~~~~~[m[K
[01m[K/opt/ros/melodic/include/ros/console.h:572:35:[m[K [01;36m[Knote: [m[Kin expansion of macro ‘[01m[KROS_LOG_COND[m[K’
 #define ROS_LOG(level, name, ...) [01;36m[KROS_LOG_COND[m[K(true, level, name, __VA_ARGS__)
                                   [01;36m[K^~~~~~~~~~~~[m[K
[01m[K/opt/ros/melodic/include/rosconsole/macros_generated.h:110:23:[m[K [01;36m[Knote: [m[Kin expansion of macro ‘[01m[KROS_LOG[m[K’
 #define ROS_INFO(...) [01;36m[KROS_LOG[m[K(::ros::console::levels::Info, ROSCONSOLE_DEFAULT_NAME, __VA_ARGS__)
                       [01;36m[K^~~~~~~[m[K
[01m[K/home/maciek/dyplom_ws/src/dyplom/scripts/move.cpp:74:3:[m[K [01;36m[Knote: [m[Kin expansion of macro ‘[01m[KROS_INFO[m[K’
   [01;36m[KR[m[KOS_INFO("Path elements: %f",globalPathElements);
   [01;36m[K^[m[K
[01m[K/home/maciek/dyplom_ws/src/dyplom/scripts/move.cpp:[m[K In function ‘[01m[Kint main(int, char**)[m[K’:
[01m[K/opt/ros/melodic/include/ros/console.h:348:176:[m[K [01;35m[Kwarning: [m[Kformat ‘[01m[K%f[m[K’ expects argument of type ‘[01m[Kdouble[m[K’, but argument 8 has type ‘[01m[Kint[m[K’ [[01;35m[K-Wformat=[m[K]
     ::ros::console::print(filter, __rosconsole_define_location__loc.logger_, __rosconsole_define_location__loc.level_, __FILE__, __LINE__, __ROSCONSOLE_FUNCTION__, __VA_ARGS__[01;35m[K)[m[K
                                                                                                                                                                                [01;35m[K^[m[K
[01m[K/opt/ros/melodic/include/ros/console.h:351:5:[m[K [01;36m[Knote: [m[Kin expansion of macro ‘[01m[KROSCONSOLE_PRINT_AT_LOCATION_WITH_FILTER[m[K’
     [01;36m[KROSCONSOLE_PRINT_AT_LOCATION_WITH_FILTER[m[K(NULL, __VA_ARGS__)
     [01;36m[K^~~~~~~~~~~~~~~~~~~~~~~~~~~~~~~~~~~~~~~~[m[K
[01m[K/opt/ros/melodic/include/ros/console.h:387:7:[m[K [01;36m[Knote: [m[Kin expansion of macro ‘[01m[KROSCONSOLE_PRINT_AT_LOCATION[m[K’
       [01;36m[KROSCONSOLE_PRINT_AT_LOCATION[m[K(__VA_ARGS__); \
       [01;36m[K^~~~~~~~~~~~~~~~~~~~~~~~~~~~[m[K
[01m[K/opt/ros/melodic/include/ros/console.h:572:35:[m[K [01;36m[Knote: [m[Kin expansion of macro ‘[01m[KROS_LOG_COND[m[K’
 #define ROS_LOG(level, name, ...) [01;36m[KROS_LOG_COND[m[K(true, level, name, __VA_ARGS__)
                                   [01;36m[K^~~~~~~~~~~~[m[K
[01m[K/opt/ros/melodic/include/rosconsole/macros_generated.h:110:23:[m[K [01;36m[Knote: [m[Kin expansion of macro ‘[01m[KROS_LOG[m[K’
 #define ROS_INFO(...) [01;36m[KROS_LOG[m[K(::ros::console::levels::Info, ROSCONSOLE_DEFAULT_NAME, __VA_ARGS__)
                       [01;36m[K^~~~~~~[m[K
[01m[K/home/maciek/dyplom_ws/src/dyplom/scripts/move.cpp:174:9:[m[K [01;36m[Knote: [m[Kin expansion of macro ‘[01m[KROS_INFO[m[K’
         [01;36m[KR[m[KOS_INFO("Liczba elementow sciezki: %f",globalPathElements);
         [01;36m[K^[m[K
make[2]: *** [CMakeFiles/move.dir/scripts/move.cpp.o] Error 1
CMakeFiles/move.dir/build.make:62: recipe for target 'CMakeFiles/move.dir/scripts/move.cpp.o' failed
CMakeFiles/Makefile2:67: recipe for target 'CMakeFiles/move.dir/all' failed
make[1]: *** [CMakeFiles/move.dir/all] Error 2
Makefile:140: recipe for target 'all' failed
make: *** [all] Error 2
