[  0%] Built target nav_msgs_generate_messages_cpp
[  0%] Built target geometry_msgs_generate_messages_cpp
[  0%] Built target std_msgs_generate_messages_cpp
[  0%] Built target _dyplom_generate_messages_check_deps_goalActionFeedback
[  0%] Built target _dyplom_generate_messages_check_deps_goalAction
[  0%] Built target _dyplom_generate_messages_check_deps_goalActionGoal
[  0%] Built target _dyplom_generate_messages_check_deps_goalFeedback
[  0%] Built target _dyplom_generate_messages_check_deps_goalActionResult
[  0%] Built target _dyplom_generate_messages_check_deps_goalGoal
[  0%] Built target actionlib_msgs_generate_messages_cpp
[  0%] Built target nav_msgs_generate_messages_lisp
[  0%] Built target nav_msgs_generate_messages_py
[  0%] Built target geometry_msgs_generate_messages_lisp
[  0%] Built target std_msgs_generate_messages_lisp
[  0%] Built target actionlib_msgs_generate_messages_lisp
[  0%] Built target geometry_msgs_generate_messages_py
[  0%] Built target actionlib_msgs_generate_messages_py
[  0%] Built target std_msgs_generate_messages_py
[  0%] Built target std_msgs_generate_messages_nodejs
[  0%] Built target nav_msgs_generate_messages_nodejs
[  0%] Built target nav_msgs_generate_messages_eus
[  0%] Built target _dyplom_generate_messages_check_deps_goalResult
[  0%] Built target geometry_msgs_generate_messages_nodejs
[  0%] Built target actionlib_msgs_generate_messages_nodejs
[  0%] Built target geometry_msgs_generate_messages_eus
[  0%] Built target std_msgs_generate_messages_eus
[  0%] Built target actionlib_msgs_generate_messages_eus
[ 17%] Built target dyplom_generate_messages_cpp
[ 35%] Built target dyplom_generate_messages_lisp
[ 57%] Built target dyplom_generate_messages_py
[ 75%] Built target dyplom_generate_messages_nodejs
[ 95%] Built target dyplom_generate_messages_eus
[100%] Built target move
[100%] Built target dyplom_generate_messages
