In file included from [01m[K/opt/ros/melodic/include/ros/ros.h:40:0[m[K,
                 from [01m[K/home/maciek/dyplom_ws/src/dyplom/scripts/move.cpp:1[m[K:
[01m[K/home/maciek/dyplom_ws/src/dyplom/scripts/move.cpp:[m[K In function ‘[01m[Kvoid odomCallback(const ConstPtr&)[m[K’:
[01m[K/opt/ros/melodic/include/ros/console.h:348:176:[m[K [01;35m[Kwarning: [m[Kformat ‘[01m[K%f[m[K’ expects argument of type ‘[01m[Kdouble[m[K’, but argument 8 has type ‘[01m[Kint[m[K’ [[01;35m[K-Wformat=[m[K]
     ::ros::console::print(filter, __rosconsole_define_location__loc.logger_, __rosconsole_define_location__loc.level_, __FILE__, __LINE__, __ROSCONSOLE_FUNCTION__, __VA_ARGS__[01;35m[K)[m[K
                                                                                                                                                                                [01;35m[K^[m[K
[01m[K/opt/ros/melodic/include/ros/console.h:351:5:[m[K [01;36m[Knote: [m[Kin expansion of macro ‘[01m[KROSCONSOLE_PRINT_AT_LOCATION_WITH_FILTER[m[K’
     [01;36m[KROSCONSOLE_PRINT_AT_LOCATION_WITH_FILTER[m[K(NULL, __VA_ARGS__)
     [01;36m[K^~~~~~~~~~~~~~~~~~~~~~~~~~~~~~~~~~~~~~~~[m[K
[01m[K/opt/ros/melodic/include/ros/console.h:387:7:[m[K [01;36m[Knote: [m[Kin expansion of macro ‘[01m[KROSCONSOLE_PRINT_AT_LOCATION[m[K’
       [01;36m[KROSCONSOLE_PRINT_AT_LOCATION[m[K(__VA_ARGS__); \
       [01;36m[K^~~~~~~~~~~~~~~~~~~~~~~~~~~~[m[K
[01m[K/opt/ros/melodic/include/ros/console.h:572:35:[m[K [01;36m[Knote: [m[Kin expansion of macro ‘[01m[KROS_LOG_COND[m[K’
 #define ROS_LOG(level, name, ...) [01;36m[KROS_LOG_COND[m[K(true, level, name, __VA_ARGS__)
                                   [01;36m[K^~~~~~~~~~~~[m[K
[01m[K/opt/ros/melodic/include/rosconsole/macros_generated.h:110:23:[m[K [01;36m[Knote: [m[Kin expansion of macro ‘[01m[KROS_LOG[m[K’
 #define ROS_INFO(...) [01;36m[KROS_LOG[m[K(::ros::console::levels::Info, ROSCONSOLE_DEFAULT_NAME, __VA_ARGS__)
                       [01;36m[K^~~~~~~[m[K
[01m[K/home/maciek/dyplom_ws/src/dyplom/scripts/move.cpp:73:3:[m[K [01;36m[Knote: [m[Kin expansion of macro ‘[01m[KROS_INFO[m[K’
   [01;36m[KR[m[KOS_INFO("Path elements: %f",globalPathElements);
   [01;36m[K^[m[K
[01m[K/home/maciek/dyplom_ws/src/dyplom/scripts/move.cpp:[m[K In function ‘[01m[Kvoid actionCallback(const goalGoalConstPtr&, Server*)[m[K’:
[01m[K/home/maciek/dyplom_ws/src/dyplom/scripts/move.cpp:92:16:[m[K [01;31m[Kerror: [m[Kno match for ‘[01m[Koperator=[m[K’ (operand types are ‘[01m[Kdyplom::goalResult {aka dyplom::goalResult_<std::allocator<void> >}[m[K’ and ‘[01m[Kconst char [9][m[K’)
   actionResult=[01;31m[K"received"[m[K;
                [01;31m[K^~~~~~~~~~[m[K
In file included from [01m[K/home/maciek/dyplom_ws/devel/.private/dyplom/include/dyplom/goalActionResult.h:20:0[m[K,
                 from [01m[K/home/maciek/dyplom_ws/devel/.private/dyplom/include/dyplom/goalAction.h:19[m[K,
                 from [01m[K/home/maciek/dyplom_ws/src/dyplom/scripts/move.cpp:7[m[K:
[01m[K/home/maciek/dyplom_ws/devel/.private/dyplom/include/dyplom/goalResult.h:22:8:[m[K [01;36m[Knote: [m[Kcandidate: dyplom::goalResult_<std::allocator<void> >& dyplom::goalResult_<std::allocator<void> >::operator=(const dyplom::goalResult_<std::allocator<void> >&)
 struct [01;36m[KgoalResult_[m[K
        [01;36m[K^~~~~~~~~~~[m[K
[01m[K/home/maciek/dyplom_ws/devel/.private/dyplom/include/dyplom/goalResult.h:22:8:[m[K [01;36m[Knote: [m[K  no known conversion for argument 1 from ‘[01m[Kconst char [9][m[K’ to ‘[01m[Kconst dyplom::goalResult_<std::allocator<void> >&[m[K’
[01m[K/home/maciek/dyplom_ws/devel/.private/dyplom/include/dyplom/goalResult.h:22:8:[m[K [01;36m[Knote: [m[Kcandidate: dyplom::goalResult_<std::allocator<void> >& dyplom::goalResult_<std::allocator<void> >::operator=(dyplom::goalResult_<std::allocator<void> >&&)
[01m[K/home/maciek/dyplom_ws/devel/.private/dyplom/include/dyplom/goalResult.h:22:8:[m[K [01;36m[Knote: [m[K  no known conversion for argument 1 from ‘[01m[Kconst char [9][m[K’ to ‘[01m[Kdyplom::goalResult_<std::allocator<void> >&&[m[K’
[01m[K/home/maciek/dyplom_ws/src/dyplom/scripts/move.cpp:94:7:[m[K [01;31m[Kerror: [m[K‘[01m[KServer {aka class actionlib::SimpleActionServer<dyplom::goalAction_<std::allocator<void> > >}[m[K’ has no member named ‘[01m[Ksucceed[m[K’; did you mean ‘[01m[KsetSucceeded[m[K’?
   as->[01;31m[Ksucceed[m[K(actionResult)
       [01;31m[K^~~~~~~[m[K
       [32m[KsetSucceeded[m[K
In file included from [01m[K/opt/ros/melodic/include/ros/ros.h:40:0[m[K,
                 from [01m[K/home/maciek/dyplom_ws/src/dyplom/scripts/move.cpp:1[m[K:
[01m[K/home/maciek/dyplom_ws/src/dyplom/scripts/move.cpp:[m[K In function ‘[01m[Kint main(int, char**)[m[K’:
[01m[K/opt/ros/melodic/include/ros/console.h:348:176:[m[K [01;35m[Kwarning: [m[Kformat ‘[01m[K%f[m[K’ expects argument of type ‘[01m[Kdouble[m[K’, but argument 8 has type ‘[01m[Kint[m[K’ [[01;35m[K-Wformat=[m[K]
     ::ros::console::print(filter, __rosconsole_define_location__loc.logger_, __rosconsole_define_location__loc.level_, __FILE__, __LINE__, __ROSCONSOLE_FUNCTION__, __VA_ARGS__[01;35m[K)[m[K
                                                                                                                                                                                [01;35m[K^[m[K
[01m[K/opt/ros/melodic/include/ros/console.h:351:5:[m[K [01;36m[Knote: [m[Kin expansion of macro ‘[01m[KROSCONSOLE_PRINT_AT_LOCATION_WITH_FILTER[m[K’
     [01;36m[KROSCONSOLE_PRINT_AT_LOCATION_WITH_FILTER[m[K(NULL, __VA_ARGS__)
     [01;36m[K^~~~~~~~~~~~~~~~~~~~~~~~~~~~~~~~~~~~~~~~[m[K
[01m[K/opt/ros/melodic/include/ros/console.h:387:7:[m[K [01;36m[Knote: [m[Kin expansion of macro ‘[01m[KROSCONSOLE_PRINT_AT_LOCATION[m[K’
       [01;36m[KROSCONSOLE_PRINT_AT_LOCATION[m[K(__VA_ARGS__); \
       [01;36m[K^~~~~~~~~~~~~~~~~~~~~~~~~~~~[m[K
[01m[K/opt/ros/melodic/include/ros/console.h:572:35:[m[K [01;36m[Knote: [m[Kin expansion of macro ‘[01m[KROS_LOG_COND[m[K’
 #define ROS_LOG(level, name, ...) [01;36m[KROS_LOG_COND[m[K(true, level, name, __VA_ARGS__)
                                   [01;36m[K^~~~~~~~~~~~[m[K
[01m[K/opt/ros/melodic/include/rosconsole/macros_generated.h:110:23:[m[K [01;36m[Knote: [m[Kin expansion of macro ‘[01m[KROS_LOG[m[K’
 #define ROS_INFO(...) [01;36m[KROS_LOG[m[K(::ros::console::levels::Info, ROSCONSOLE_DEFAULT_NAME, __VA_ARGS__)
                       [01;36m[K^~~~~~~[m[K
[01m[K/home/maciek/dyplom_ws/src/dyplom/scripts/move.cpp:148:9:[m[K [01;36m[Knote: [m[Kin expansion of macro ‘[01m[KROS_INFO[m[K’
         [01;36m[KR[m[KOS_INFO("Liczba elementow sciezki: %f",globalPathElements);
         [01;36m[K^[m[K
make[2]: *** [CMakeFiles/move.dir/scripts/move.cpp.o] Error 1
make[1]: *** [CMakeFiles/move.dir/all] Error 2
make: *** [all] Error 2
