Determining if the pthread_create exist failed with the following output:
Change Dir: /home/maciek/dyplom_ws/build/dyplom/CMakeFiles/CMakeTmp

Run Build Command:"/usr/bin/make" "cmTC_3cf7f/fast"
/usr/bin/make -f CMakeFiles/cmTC_3cf7f.dir/build.make CMakeFiles/cmTC_3cf7f.dir/build
make[1]: Entering directory '/home/maciek/dyplom_ws/build/dyplom/CMakeFiles/CMakeTmp'
Building C object CMakeFiles/cmTC_3cf7f.dir/CheckSymbolExists.c.o
/usr/bin/cc    -o CMakeFiles/cmTC_3cf7f.dir/CheckSymbolExists.c.o   -c /home/maciek/dyplom_ws/build/dyplom/CMakeFiles/CMakeTmp/CheckSymbolExists.c
Linking C executable cmTC_3cf7f
/usr/bin/cmake -E cmake_link_script CMakeFiles/cmTC_3cf7f.dir/link.txt --verbose=1
/usr/bin/cc      -rdynamic CMakeFiles/cmTC_3cf7f.dir/CheckSymbolExists.c.o  -o cmTC_3cf7f 
CMakeFiles/cmTC_3cf7f.dir/CheckSymbolExists.c.o: In function `main':
CheckSymbolExists.c:(.text+0x1b): undefined reference to `pthread_create'
collect2: error: ld returned 1 exit status
CMakeFiles/cmTC_3cf7f.dir/build.make:97: recipe for target 'cmTC_3cf7f' failed
make[1]: *** [cmTC_3cf7f] Error 1
make[1]: Leaving directory '/home/maciek/dyplom_ws/build/dyplom/CMakeFiles/CMakeTmp'
Makefile:126: recipe for target 'cmTC_3cf7f/fast' failed
make: *** [cmTC_3cf7f/fast] Error 2

File /home/maciek/dyplom_ws/build/dyplom/CMakeFiles/CMakeTmp/CheckSymbolExists.c:
/* */
#include <pthread.h>

int main(int argc, char** argv)
{
  (void)argv;
#ifndef pthread_create
  return ((int*)(&pthread_create))[argc];
#else
  (void)argc;
  return 0;
#endif
}

Determining if the function pthread_create exists in the pthreads failed with the following output:
Change Dir: /home/maciek/dyplom_ws/build/dyplom/CMakeFiles/CMakeTmp

Run Build Command:"/usr/bin/make" "cmTC_d5f99/fast"
/usr/bin/make -f CMakeFiles/cmTC_d5f99.dir/build.make CMakeFiles/cmTC_d5f99.dir/build
make[1]: Entering directory '/home/maciek/dyplom_ws/build/dyplom/CMakeFiles/CMakeTmp'
Building C object CMakeFiles/cmTC_d5f99.dir/CheckFunctionExists.c.o
/usr/bin/cc   -DCHECK_FUNCTION_EXISTS=pthread_create   -o CMakeFiles/cmTC_d5f99.dir/CheckFunctionExists.c.o   -c /usr/share/cmake-3.10/Modules/CheckFunctionExists.c
Linking C executable cmTC_d5f99
/usr/bin/cmake -E cmake_link_script CMakeFiles/cmTC_d5f99.dir/link.txt --verbose=1
/usr/bin/cc  -DCHECK_FUNCTION_EXISTS=pthread_create    -rdynamic CMakeFiles/cmTC_d5f99.dir/CheckFunctionExists.c.o  -o cmTC_d5f99 -lpthreads 
/usr/bin/ld: cannot find -lpthreads
collect2: error: ld returned 1 exit status
CMakeFiles/cmTC_d5f99.dir/build.make:97: recipe for target 'cmTC_d5f99' failed
make[1]: *** [cmTC_d5f99] Error 1
make[1]: Leaving directory '/home/maciek/dyplom_ws/build/dyplom/CMakeFiles/CMakeTmp'
Makefile:126: recipe for target 'cmTC_d5f99/fast' failed
make: *** [cmTC_d5f99/fast] Error 2


